mode: set
projectBE23/main.go:13.13,32.2 9 0
projectBE23/app/databases/postgreSQL.go:12.52,20.16 3 0
projectBE23/app/databases/postgreSQL.go:20.16,21.57 1 0
projectBE23/app/databases/postgreSQL.go:23.2,23.11 1 0
projectBE23/internal/features/carts/handler/handler_carts.go:23.91,28.2 1 0
projectBE23/internal/features/carts/handler/handler_carts.go:30.57,32.17 2 0
projectBE23/internal/features/carts/handler/handler_carts.go:32.17,34.3 1 0
projectBE23/internal/features/carts/handler/handler_carts.go:36.2,38.20 3 0
projectBE23/internal/features/carts/handler/handler_carts.go:38.20,43.3 1 0
projectBE23/internal/features/carts/handler/handler_carts.go:45.2,46.16 2 0
projectBE23/internal/features/carts/handler/handler_carts.go:46.16,51.3 1 0
projectBE23/internal/features/carts/handler/handler_carts.go:53.2,61.22 3 0
projectBE23/internal/features/carts/handler/handler_carts.go:61.22,62.56 1 0
projectBE23/internal/features/carts/handler/handler_carts.go:62.56,64.4 1 0
projectBE23/internal/features/carts/handler/handler_carts.go:65.3,65.172 1 0
projectBE23/internal/features/carts/handler/handler_carts.go:68.2,76.141 2 0
projectBE23/internal/features/carts/handler/handler_carts.go:79.57,81.17 2 0
projectBE23/internal/features/carts/handler/handler_carts.go:81.17,83.3 1 0
projectBE23/internal/features/carts/handler/handler_carts.go:85.2,86.16 2 0
projectBE23/internal/features/carts/handler/handler_carts.go:86.16,91.3 1 0
projectBE23/internal/features/carts/handler/handler_carts.go:93.2,94.31 2 0
projectBE23/internal/features/carts/handler/handler_carts.go:94.31,96.17 2 0
projectBE23/internal/features/carts/handler/handler_carts.go:96.17,101.4 1 0
projectBE23/internal/features/carts/handler/handler_carts.go:102.3,102.35 1 0
projectBE23/internal/features/carts/handler/handler_carts.go:102.35,111.4 1 0
projectBE23/internal/features/carts/handler/handler_carts.go:113.2,113.134 1 0
projectBE23/internal/features/carts/handler/handler_carts.go:116.57,118.17 2 0
projectBE23/internal/features/carts/handler/handler_carts.go:118.17,120.3 1 0
projectBE23/internal/features/carts/handler/handler_carts.go:122.2,124.20 3 0
projectBE23/internal/features/carts/handler/handler_carts.go:124.20,129.3 1 0
projectBE23/internal/features/carts/handler/handler_carts.go:131.2,132.44 2 0
projectBE23/internal/features/carts/handler/handler_carts.go:132.44,137.3 1 0
projectBE23/internal/features/carts/handler/handler_carts.go:139.2,140.16 2 0
projectBE23/internal/features/carts/handler/handler_carts.go:140.16,145.3 1 0
projectBE23/internal/features/carts/handler/handler_carts.go:146.2,154.17 3 0
projectBE23/internal/features/carts/handler/handler_carts.go:154.17,159.3 1 0
projectBE23/internal/features/carts/handler/handler_carts.go:160.2,160.63 1 0
projectBE23/internal/features/carts/handler/handler_carts.go:160.63,165.3 1 0
projectBE23/internal/features/carts/handler/handler_carts.go:167.2,168.16 2 0
projectBE23/internal/features/carts/handler/handler_carts.go:168.16,173.3 1 0
projectBE23/internal/features/carts/handler/handler_carts.go:175.2,175.36 1 0
projectBE23/internal/features/carts/handler/handler_carts.go:175.36,180.3 1 0
projectBE23/internal/features/carts/handler/handler_carts.go:182.2,182.86 1 0
projectBE23/internal/features/carts/handler/handler_carts.go:182.86,183.56 1 0
projectBE23/internal/features/carts/handler/handler_carts.go:183.56,185.4 1 0
projectBE23/internal/features/carts/handler/handler_carts.go:186.3,186.171 1 0
projectBE23/internal/features/carts/handler/handler_carts.go:189.2,189.131 1 0
projectBE23/internal/features/carts/handler/handler_carts.go:192.57,194.17 2 0
projectBE23/internal/features/carts/handler/handler_carts.go:194.17,196.3 1 0
projectBE23/internal/features/carts/handler/handler_carts.go:198.2,200.20 3 0
projectBE23/internal/features/carts/handler/handler_carts.go:200.20,202.3 1 0
projectBE23/internal/features/carts/handler/handler_carts.go:204.2,204.17 1 0
projectBE23/internal/features/carts/handler/handler_carts.go:204.17,206.3 1 0
projectBE23/internal/features/carts/handler/handler_carts.go:207.2,208.16 2 0
projectBE23/internal/features/carts/handler/handler_carts.go:208.16,213.3 1 0
projectBE23/internal/features/carts/handler/handler_carts.go:215.2,215.36 1 0
projectBE23/internal/features/carts/handler/handler_carts.go:215.36,220.3 1 0
projectBE23/internal/features/carts/handler/handler_carts.go:221.2,221.72 1 0
projectBE23/internal/features/carts/handler/handler_carts.go:221.72,222.56 1 0
projectBE23/internal/features/carts/handler/handler_carts.go:222.56,224.4 1 0
projectBE23/internal/features/carts/handler/handler_carts.go:225.3,225.172 1 0
projectBE23/internal/features/carts/handler/handler_carts.go:228.2,228.130 1 0
projectBE23/app/config/config.go:23.27,29.20 6 0
projectBE23/app/config/config.go:29.20,32.3 1 0
projectBE23/app/config/config.go:33.2,38.13 6 0
projectBE23/app/config/config.go:41.30,43.2 1 0
projectBE23/app/routes/routes.go:32.44,85.2 40 0
projectBE23/app/migrations/gorm_migrations.go:12.33,18.2 5 0
projectBE23/internal/features/orders/handler/handler_order.go:21.114,26.2 1 0
projectBE23/internal/features/orders/handler/handler_order.go:27.53,28.36 1 0
projectBE23/internal/features/orders/handler/handler_order.go:28.36,30.17 2 0
projectBE23/internal/features/orders/handler/handler_order.go:30.17,33.4 2 0
projectBE23/internal/features/orders/handler/handler_order.go:34.3,35.17 2 0
projectBE23/internal/features/orders/handler/handler_order.go:35.17,38.4 2 0
projectBE23/internal/features/orders/handler/handler_order.go:40.3,40.122 1 0
projectBE23/internal/features/orders/handler/handler_order.go:44.57,45.36 1 0
projectBE23/internal/features/orders/handler/handler_order.go:45.36,48.17 3 0
projectBE23/internal/features/orders/handler/handler_order.go:48.17,51.4 2 0
projectBE23/internal/features/orders/handler/handler_order.go:52.3,54.17 3 0
projectBE23/internal/features/orders/handler/handler_order.go:54.17,57.4 2 0
projectBE23/internal/features/orders/handler/handler_order.go:59.3,60.34 2 0
projectBE23/internal/features/orders/handler/handler_order.go:60.34,65.18 5 0
projectBE23/internal/features/orders/handler/handler_order.go:65.18,68.5 2 0
projectBE23/internal/features/orders/handler/handler_order.go:69.4,70.18 2 0
projectBE23/internal/features/orders/handler/handler_order.go:70.18,73.5 2 0
projectBE23/internal/features/orders/handler/handler_order.go:75.3,77.17 3 0
projectBE23/internal/features/orders/handler/handler_order.go:77.17,80.4 2 0
projectBE23/internal/features/orders/handler/handler_order.go:82.3,83.17 2 0
projectBE23/internal/features/orders/handler/handler_order.go:83.17,86.4 2 0
projectBE23/internal/features/orders/handler/handler_order.go:88.3,88.116 1 0
projectBE23/internal/features/orders/handler/handler_order.go:91.61,92.36 1 0
projectBE23/internal/features/orders/handler/handler_order.go:92.36,94.3 1 0
projectBE23/internal/features/orders/handler/request.go:41.108,49.2 1 0
projectBE23/internal/features/orders/handler/request.go:51.73,59.2 1 0
projectBE23/internal/features/orders/handler/request.go:61.103,68.2 1 0
projectBE23/internal/features/orders/handler/response.go:25.80,32.2 1 0
projectBE23/internal/features/orders/handler/response.go:34.81,36.29 2 0
projectBE23/internal/features/orders/handler/response.go:36.29,54.3 3 0
projectBE23/internal/features/orders/handler/response.go:55.2,55.15 1 0
projectBE23/internal/features/orders/repository/data.go:45.78,54.2 1 0
projectBE23/internal/features/orders/repository/data.go:56.74,58.25 2 0
projectBE23/internal/features/orders/repository/data.go:58.25,76.3 3 0
projectBE23/internal/features/orders/repository/data.go:78.2,78.15 1 0
projectBE23/internal/features/orders/repository/query.go:16.64,21.2 1 0
projectBE23/internal/features/orders/repository/query.go:23.134,31.16 5 0
projectBE23/internal/features/orders/repository/query.go:31.16,34.3 2 0
projectBE23/internal/features/orders/repository/query.go:35.2,43.16 7 0
projectBE23/internal/features/orders/repository/query.go:43.16,46.3 2 0
projectBE23/internal/features/orders/repository/query.go:48.2,54.16 5 0
projectBE23/internal/features/orders/repository/query.go:54.16,58.3 2 0
projectBE23/internal/features/orders/repository/query.go:60.2,60.53 1 0
projectBE23/internal/features/orders/repository/query.go:63.80,67.16 3 0
projectBE23/internal/features/orders/repository/query.go:67.16,70.3 2 0
projectBE23/internal/features/orders/repository/query.go:72.2,72.12 1 0
projectBE23/internal/features/orders/repository/query.go:74.64,77.16 3 0
projectBE23/internal/features/orders/repository/query.go:77.16,80.3 2 0
projectBE23/internal/features/orders/repository/query.go:81.2,81.32 1 0
projectBE23/internal/features/orders/repository/query.go:85.80,99.16 4 0
projectBE23/internal/features/orders/repository/query.go:99.16,102.3 2 0
projectBE23/internal/features/orders/repository/query.go:103.2,103.43 1 0
projectBE23/internal/features/carts/repository/query.go:13.48,17.2 1 0
projectBE23/internal/features/carts/repository/query.go:19.77,27.21 3 0
projectBE23/internal/features/carts/repository/query.go:27.21,29.3 1 0
projectBE23/internal/features/carts/repository/query.go:30.2,37.21 2 0
projectBE23/internal/features/carts/repository/query.go:40.58,43.21 3 0
projectBE23/internal/features/carts/repository/query.go:43.21,45.3 1 0
projectBE23/internal/features/carts/repository/query.go:47.2,48.28 2 0
projectBE23/internal/features/carts/repository/query.go:48.28,56.3 1 0
projectBE23/internal/features/carts/repository/query.go:58.2,58.25 1 0
projectBE23/internal/features/carts/repository/query.go:61.64,64.21 3 0
projectBE23/internal/features/carts/repository/query.go:64.21,66.3 1 0
projectBE23/internal/features/carts/repository/query.go:68.2,75.22 2 0
projectBE23/internal/features/carts/repository/query.go:78.66,81.21 3 0
projectBE23/internal/features/carts/repository/query.go:81.21,83.3 1 0
projectBE23/internal/features/carts/repository/query.go:84.2,89.21 5 0
projectBE23/internal/features/carts/repository/query.go:89.21,91.3 1 0
projectBE23/internal/features/carts/repository/query.go:92.2,92.12 1 0
projectBE23/internal/features/carts/repository/query.go:113.43,115.21 2 0
projectBE23/internal/features/carts/repository/query.go:115.21,117.3 1 0
projectBE23/internal/features/carts/repository/query.go:118.2,118.12 1 0
projectBE23/app/middlewares/middleware.go:28.44,32.2 1 0
projectBE23/app/middlewares/middleware.go:34.59,38.2 1 0
projectBE23/app/middlewares/middleware.go:40.63,48.2 3 0
projectBE23/app/middlewares/middleware.go:50.62,53.27 3 0
projectBE23/app/middlewares/middleware.go:53.27,55.3 1 0
projectBE23/app/middlewares/middleware.go:56.2,57.76 2 0
projectBE23/app/middlewares/middleware.go:57.76,59.3 1 0
projectBE23/app/middlewares/middleware.go:61.2,61.35 1 0
projectBE23/app/middlewares/middleware.go:61.35,63.3 1 0
projectBE23/app/middlewares/middleware.go:65.2,67.20 3 0
projectBE23/app/middlewares/middleware.go:67.20,69.3 1 0
projectBE23/app/middlewares/middleware.go:70.2,70.20 1 0
projectBE23/app/middlewares/middleware.go:73.59,77.17 3 0
projectBE23/app/middlewares/middleware.go:77.17,79.3 1 0
projectBE23/app/middlewares/middleware.go:81.2,82.12 2 0
projectBE23/app/middlewares/middleware.go:85.61,91.2 4 0
projectBE23/internal/features/payments/service/logic_payment.go:12.90,16.2 1 0
projectBE23/internal/features/payments/service/logic_payment.go:18.95,20.16 2 0
projectBE23/internal/features/payments/service/logic_payment.go:20.16,23.3 2 0
projectBE23/internal/features/payments/service/logic_payment.go:24.2,24.12 1 0
projectBE23/internal/features/payments/handler/handler_payment.go:20.109,25.2 1 0
projectBE23/internal/features/payments/handler/handler_payment.go:26.107,30.16 3 0
projectBE23/internal/features/payments/handler/handler_payment.go:30.16,33.3 2 0
projectBE23/internal/features/payments/handler/handler_payment.go:34.2,34.41 1 0
projectBE23/internal/features/payments/handler/handler_payment.go:37.72,38.36 1 0
projectBE23/internal/features/payments/handler/handler_payment.go:38.36,41.17 3 0
projectBE23/internal/features/payments/handler/handler_payment.go:41.17,44.4 2 0
projectBE23/internal/features/payments/handler/handler_payment.go:45.3,46.17 2 0
projectBE23/internal/features/payments/handler/handler_payment.go:46.17,50.4 2 0
projectBE23/internal/features/payments/handler/handler_payment.go:51.3,51.85 1 0
projectBE23/internal/features/payments/handler/response_payment.go:31.50,36.2 4 0
projectBE23/internal/features/payments/handler/response_payment.go:38.50,43.2 3 0
projectBE23/internal/features/payments/handler/response_payment.go:45.74,74.2 8 0
projectBE23/internal/features/payments/handler/response_payment.go:76.64,83.2 2 0
projectBE23/internal/features/users/repository/query.go:14.47,18.2 1 0
projectBE23/internal/features/users/repository/query.go:21.69,32.21 3 0
projectBE23/internal/features/users/repository/query.go:32.21,35.3 2 0
projectBE23/internal/features/users/repository/query.go:37.2,37.25 1 0
projectBE23/internal/features/users/repository/query.go:41.71,44.21 3 0
projectBE23/internal/features/users/repository/query.go:44.21,47.3 2 0
projectBE23/internal/features/users/repository/query.go:49.2,58.20 2 0
projectBE23/internal/features/users/repository/query.go:61.67,64.21 3 0
projectBE23/internal/features/users/repository/query.go:64.21,67.3 2 0
projectBE23/internal/features/users/repository/query.go:69.2,78.19 2 0
projectBE23/internal/features/users/repository/query.go:81.74,84.21 3 0
projectBE23/internal/features/users/repository/query.go:84.21,87.3 2 0
projectBE23/internal/features/users/repository/query.go:88.2,96.21 8 0
projectBE23/internal/features/users/repository/query.go:96.21,99.3 2 0
projectBE23/internal/features/users/repository/query.go:100.2,100.12 1 0
projectBE23/internal/features/users/repository/query.go:103.54,105.21 2 0
projectBE23/internal/features/users/repository/query.go:105.21,108.3 2 0
projectBE23/internal/features/users/repository/query.go:109.2,109.12 1 0
projectBE23/internal/features/products/handler/handler_products.go:22.94,27.2 1 0
projectBE23/internal/features/products/handler/handler_products.go:29.63,32.17 2 0
projectBE23/internal/features/products/handler/handler_products.go:32.17,36.3 3 0
projectBE23/internal/features/products/handler/handler_products.go:39.2,41.20 3 0
projectBE23/internal/features/products/handler/handler_products.go:41.20,48.3 3 0
projectBE23/internal/features/products/handler/handler_products.go:51.2,53.16 3 0
projectBE23/internal/features/products/handler/handler_products.go:53.16,56.17 2 0
projectBE23/internal/features/products/handler/handler_products.go:56.17,60.4 3 0
projectBE23/internal/features/products/handler/handler_products.go:61.3,65.17 3 0
projectBE23/internal/features/products/handler/handler_products.go:65.17,69.4 3 0
projectBE23/internal/features/products/handler/handler_products.go:73.2,84.22 3 0
projectBE23/internal/features/products/handler/handler_products.go:84.22,86.56 2 0
projectBE23/internal/features/products/handler/handler_products.go:86.56,88.4 1 0
projectBE23/internal/features/products/handler/handler_products.go:89.3,89.175 1 0
projectBE23/internal/features/products/handler/handler_products.go:92.2,102.140 2 0
projectBE23/internal/features/products/handler/handler_products.go:105.63,108.16 3 0
projectBE23/internal/features/products/handler/handler_products.go:108.16,110.3 1 0
projectBE23/internal/features/products/handler/handler_products.go:111.2,112.16 2 0
projectBE23/internal/features/products/handler/handler_products.go:112.16,114.3 1 0
projectBE23/internal/features/products/handler/handler_products.go:116.2,117.16 2 0
projectBE23/internal/features/products/handler/handler_products.go:117.16,123.3 2 0
projectBE23/internal/features/products/handler/handler_products.go:124.2,125.36 2 0
projectBE23/internal/features/products/handler/handler_products.go:125.36,134.3 1 0
projectBE23/internal/features/products/handler/handler_products.go:135.2,135.140 1 0
projectBE23/internal/features/products/handler/handler_products.go:138.63,141.17 2 0
projectBE23/internal/features/products/handler/handler_products.go:141.17,145.3 3 0
projectBE23/internal/features/products/handler/handler_products.go:147.2,149.20 3 0
projectBE23/internal/features/products/handler/handler_products.go:149.20,156.3 3 0
projectBE23/internal/features/products/handler/handler_products.go:157.2,157.89 1 0
projectBE23/internal/features/products/handler/handler_products.go:157.89,159.56 2 0
projectBE23/internal/features/products/handler/handler_products.go:159.56,161.4 1 0
projectBE23/internal/features/products/handler/handler_products.go:162.3,162.175 1 0
projectBE23/internal/features/products/handler/handler_products.go:165.2,165.133 1 0
projectBE23/internal/features/products/handler/handler_products.go:168.63,171.17 2 0
projectBE23/internal/features/products/handler/handler_products.go:171.17,175.3 3 0
projectBE23/internal/features/products/handler/handler_products.go:177.2,179.20 3 0
projectBE23/internal/features/products/handler/handler_products.go:179.20,186.3 3 0
projectBE23/internal/features/products/handler/handler_products.go:188.2,189.44 2 0
projectBE23/internal/features/products/handler/handler_products.go:189.44,196.3 3 0
projectBE23/internal/features/products/handler/handler_products.go:199.2,201.16 3 0
projectBE23/internal/features/products/handler/handler_products.go:201.16,204.17 2 0
projectBE23/internal/features/products/handler/handler_products.go:204.17,208.4 3 0
projectBE23/internal/features/products/handler/handler_products.go:209.3,213.17 3 0
projectBE23/internal/features/products/handler/handler_products.go:213.17,217.4 3 0
projectBE23/internal/features/products/handler/handler_products.go:220.2,229.103 2 0
projectBE23/internal/features/products/handler/handler_products.go:229.103,231.56 2 0
projectBE23/internal/features/products/handler/handler_products.go:231.56,233.4 1 0
projectBE23/internal/features/products/handler/handler_products.go:234.3,234.174 1 0
projectBE23/internal/features/products/handler/handler_products.go:237.2,237.134 1 0
projectBE23/internal/features/products/handler/handler_products.go:240.62,243.20 3 0
projectBE23/internal/features/products/handler/handler_products.go:243.20,250.3 3 0
projectBE23/internal/features/products/handler/handler_products.go:252.2,253.16 2 0
projectBE23/internal/features/products/handler/handler_products.go:253.16,259.3 2 0
projectBE23/internal/features/products/handler/handler_products.go:261.2,262.16 2 0
projectBE23/internal/features/products/handler/handler_products.go:262.16,268.3 2 0
projectBE23/internal/features/products/handler/handler_products.go:270.2,282.132 2 0
projectBE23/internal/features/products/handler/handler_products.go:285.65,288.17 2 0
projectBE23/internal/features/products/handler/handler_products.go:288.17,292.3 3 0
projectBE23/internal/features/products/handler/handler_products.go:294.2,295.16 2 0
projectBE23/internal/features/products/handler/handler_products.go:295.16,297.3 1 0
projectBE23/internal/features/products/handler/handler_products.go:298.2,299.16 2 0
projectBE23/internal/features/products/handler/handler_products.go:299.16,301.3 1 0
projectBE23/internal/features/products/handler/handler_products.go:303.2,304.16 2 0
projectBE23/internal/features/products/handler/handler_products.go:304.16,310.3 2 0
projectBE23/internal/features/products/handler/handler_products.go:311.2,312.40 2 0
projectBE23/internal/features/products/handler/handler_products.go:312.40,321.3 1 0
projectBE23/internal/features/products/handler/handler_products.go:322.2,322.142 1 0
projectBE23/internal/features/products/handler/request.go:21.93,25.16 3 0
projectBE23/internal/features/products/handler/request.go:25.16,27.3 1 0
projectBE23/internal/features/products/handler/request.go:30.2,35.16 3 0
projectBE23/internal/features/products/handler/request.go:35.16,37.3 1 0
projectBE23/internal/features/products/handler/request.go:40.2,41.23 2 0
projectBE23/internal/features/products/repository/query.go:16.65,20.2 1 0
projectBE23/internal/features/products/repository/query.go:23.46,25.21 2 0
projectBE23/internal/features/products/repository/query.go:25.21,28.3 2 0
projectBE23/internal/features/products/repository/query.go:29.2,29.12 1 0
projectBE23/internal/features/products/repository/query.go:33.86,38.21 4 0
projectBE23/internal/features/products/repository/query.go:38.21,41.3 2 0
projectBE23/internal/features/products/repository/query.go:43.2,44.31 2 0
projectBE23/internal/features/products/repository/query.go:44.31,53.3 1 0
projectBE23/internal/features/products/repository/query.go:55.2,55.28 1 0
projectBE23/internal/features/products/repository/query.go:59.96,62.21 3 0
projectBE23/internal/features/products/repository/query.go:62.21,65.3 2 0
projectBE23/internal/features/products/repository/query.go:68.2,69.31 2 0
projectBE23/internal/features/products/repository/query.go:69.31,77.3 1 0
projectBE23/internal/features/products/repository/query.go:79.2,79.28 1 0
projectBE23/internal/features/products/repository/query.go:83.78,95.21 3 0
projectBE23/internal/features/products/repository/query.go:95.21,98.3 2 0
projectBE23/internal/features/products/repository/query.go:99.2,99.28 1 0
projectBE23/internal/features/products/repository/query.go:103.78,106.21 3 0
projectBE23/internal/features/products/repository/query.go:106.21,109.3 2 0
projectBE23/internal/features/products/repository/query.go:112.2,122.26 2 0
projectBE23/internal/features/products/repository/query.go:126.79,129.21 3 0
projectBE23/internal/features/products/repository/query.go:129.21,132.3 2 0
projectBE23/internal/features/products/repository/query.go:133.2,141.21 8 0
projectBE23/internal/features/products/repository/query.go:141.21,144.3 2 0
projectBE23/internal/features/products/repository/query.go:145.2,145.12 1 0
projectBE23/internal/features/products/repository/query.go:149.82,152.21 3 0
projectBE23/internal/features/products/repository/query.go:152.21,155.3 2 0
projectBE23/internal/features/products/repository/query.go:158.2,169.26 2 0
projectBE23/internal/features/products/repository/query.go:172.108,177.21 4 0
projectBE23/internal/features/products/repository/query.go:177.21,180.3 2 0
projectBE23/internal/features/products/repository/query.go:182.2,183.33 2 0
projectBE23/internal/features/products/repository/query.go:183.33,194.3 1 0
projectBE23/internal/features/products/repository/query.go:196.2,196.30 1 0
projectBE23/internal/features/products/repository/query.go:199.69,201.16 2 0
projectBE23/internal/features/products/repository/query.go:201.16,204.3 2 0
projectBE23/internal/features/products/repository/query.go:205.2,205.37 1 0
projectBE23/internal/features/products/repository/query.go:205.37,208.22 3 0
projectBE23/internal/features/products/repository/query.go:208.22,211.4 2 0
projectBE23/internal/features/products/repository/query.go:213.3,214.24 2 0
projectBE23/internal/features/products/repository/query.go:214.24,218.4 2 0
projectBE23/internal/features/products/repository/query.go:219.8,222.3 2 0
projectBE23/internal/features/products/repository/query.go:223.2,223.12 1 0
projectBE23/internal/features/payments/repository/query.go:16.70,21.2 1 0
projectBE23/internal/features/payments/repository/query.go:23.96,34.16 8 0
projectBE23/internal/features/payments/repository/query.go:34.16,37.3 2 0
projectBE23/internal/features/payments/repository/query.go:39.2,41.16 3 0
projectBE23/internal/features/payments/repository/query.go:41.16,44.3 2 0
projectBE23/internal/features/payments/repository/query.go:45.2,45.12 1 0
projectBE23/internal/features/users/handler/handler_user.go:18.54,22.2 1 0
projectBE23/internal/features/users/handler/handler_user.go:25.55,27.49 2 0
projectBE23/internal/features/users/handler/handler_user.go:27.49,30.3 2 0
projectBE23/internal/features/users/handler/handler_user.go:32.2,34.16 3 0
projectBE23/internal/features/users/handler/handler_user.go:34.16,36.17 2 0
projectBE23/internal/features/users/handler/handler_user.go:36.17,39.4 2 0
projectBE23/internal/features/users/handler/handler_user.go:40.3,43.17 3 0
projectBE23/internal/features/users/handler/handler_user.go:43.17,46.4 2 0
projectBE23/internal/features/users/handler/handler_user.go:49.2,59.22 3 0
projectBE23/internal/features/users/handler/handler_user.go:59.22,61.56 2 0
projectBE23/internal/features/users/handler/handler_user.go:61.56,63.4 1 0
projectBE23/internal/features/users/handler/handler_user.go:64.3,64.170 1 0
projectBE23/internal/features/users/handler/handler_user.go:67.2,76.139 2 0
projectBE23/internal/features/users/handler/handler_user.go:80.52,82.50 2 0
projectBE23/internal/features/users/handler/handler_user.go:82.50,85.3 2 0
projectBE23/internal/features/users/handler/handler_user.go:87.2,88.16 2 0
projectBE23/internal/features/users/handler/handler_user.go:88.16,91.3 2 0
projectBE23/internal/features/users/handler/handler_user.go:93.2,93.134 1 0
projectBE23/internal/features/users/handler/handler_user.go:97.53,99.17 2 0
projectBE23/internal/features/users/handler/handler_user.go:99.17,102.3 2 0
projectBE23/internal/features/users/handler/handler_user.go:104.2,105.49 2 0
projectBE23/internal/features/users/handler/handler_user.go:105.49,108.3 2 0
projectBE23/internal/features/users/handler/handler_user.go:110.2,112.16 3 0
projectBE23/internal/features/users/handler/handler_user.go:112.16,114.17 2 0
projectBE23/internal/features/users/handler/handler_user.go:114.17,117.4 2 0
projectBE23/internal/features/users/handler/handler_user.go:118.3,121.17 3 0
projectBE23/internal/features/users/handler/handler_user.go:121.17,124.4 2 0
projectBE23/internal/features/users/handler/handler_user.go:127.2,136.89 2 0
projectBE23/internal/features/users/handler/handler_user.go:136.89,138.56 2 0
projectBE23/internal/features/users/handler/handler_user.go:138.56,140.4 1 0
projectBE23/internal/features/users/handler/handler_user.go:141.3,141.170 1 0
projectBE23/internal/features/users/handler/handler_user.go:144.2,144.120 1 0
projectBE23/internal/features/users/handler/handler_user.go:148.53,150.17 2 0
projectBE23/internal/features/users/handler/handler_user.go:150.17,153.3 2 0
projectBE23/internal/features/users/handler/handler_user.go:155.2,155.79 1 0
projectBE23/internal/features/users/handler/handler_user.go:155.79,158.3 2 0
projectBE23/internal/features/users/handler/handler_user.go:160.2,160.120 1 0
projectBE23/internal/features/users/handler/handler_user.go:164.57,166.17 2 0
projectBE23/internal/features/users/handler/handler_user.go:166.17,169.3 2 0
projectBE23/internal/features/users/handler/handler_user.go:171.2,172.16 2 0
projectBE23/internal/features/users/handler/handler_user.go:172.16,175.3 2 0
projectBE23/internal/features/users/handler/handler_user.go:177.2,186.128 2 0
projectBE23/internal/features/users/handler/handler_user.go:190.53,192.21 2 0
projectBE23/internal/features/users/handler/handler_user.go:192.21,195.3 2 0
projectBE23/internal/features/users/handler/handler_user.go:197.2,199.64 2 0
projectBE23/internal/features/users/handler/handler_user.go:199.64,202.3 2 0
projectBE23/internal/features/users/handler/handler_user.go:204.2,204.120 1 0
projectBE23/internal/features/users/handler/request_users.go:26.90,30.16 3 0
projectBE23/internal/features/users/handler/request_users.go:30.16,32.3 1 0
projectBE23/internal/features/users/handler/request_users.go:35.2,40.16 3 0
projectBE23/internal/features/users/handler/request_users.go:40.16,42.3 1 0
projectBE23/internal/features/users/handler/request_users.go:45.2,46.23 2 0
projectBE23/internal/features/products/service/logic_product.go:14.77,18.2 1 1
projectBE23/internal/features/products/service/logic_product.go:21.80,22.150 1 1
projectBE23/internal/features/products/service/logic_product.go:22.150,26.3 3 1
projectBE23/internal/features/products/service/logic_product.go:27.2,28.16 2 1
projectBE23/internal/features/products/service/logic_product.go:28.16,31.3 2 1
projectBE23/internal/features/products/service/logic_product.go:32.2,32.23 1 1
projectBE23/internal/features/products/service/logic_product.go:36.61,37.13 1 1
projectBE23/internal/features/products/service/logic_product.go:37.13,41.3 3 1
projectBE23/internal/features/products/service/logic_product.go:42.2,43.16 2 1
projectBE23/internal/features/products/service/logic_product.go:43.16,46.3 2 1
projectBE23/internal/features/products/service/logic_product.go:48.2,48.32 1 1
projectBE23/internal/features/products/service/logic_product.go:48.32,52.3 3 1
projectBE23/internal/features/products/service/logic_product.go:54.2,54.33 1 1
projectBE23/internal/features/products/service/logic_product.go:58.115,59.23 1 1
projectBE23/internal/features/products/service/logic_product.go:59.23,62.17 2 1
projectBE23/internal/features/products/service/logic_product.go:62.17,65.4 2 1
projectBE23/internal/features/products/service/logic_product.go:66.3,66.22 1 1
projectBE23/internal/features/products/service/logic_product.go:69.2,70.16 2 1
projectBE23/internal/features/products/service/logic_product.go:70.16,73.3 2 1
projectBE23/internal/features/products/service/logic_product.go:74.2,74.24 1 1
projectBE23/internal/features/products/service/logic_product.go:78.89,79.13 1 1
projectBE23/internal/features/products/service/logic_product.go:79.13,83.3 3 1
projectBE23/internal/features/products/service/logic_product.go:84.2,84.41 1 1
projectBE23/internal/features/products/service/logic_product.go:88.94,89.13 1 1
projectBE23/internal/features/products/service/logic_product.go:89.13,93.3 3 1
projectBE23/internal/features/products/service/logic_product.go:94.2,94.150 1 1
projectBE23/internal/features/products/service/logic_product.go:94.150,98.3 3 1
projectBE23/internal/features/products/service/logic_product.go:100.2,101.16 2 1
projectBE23/internal/features/products/service/logic_product.go:101.16,104.3 2 1
projectBE23/internal/features/products/service/logic_product.go:106.2,106.32 1 1
projectBE23/internal/features/products/service/logic_product.go:106.32,110.3 3 1
projectBE23/internal/features/products/service/logic_product.go:112.2,112.42 1 1
projectBE23/internal/features/products/service/logic_product.go:115.110,117.16 2 1
projectBE23/internal/features/products/service/logic_product.go:117.16,120.3 2 1
projectBE23/internal/features/products/service/logic_product.go:121.2,121.26 1 1
projectBE23/mocks/AccountUtilityInterface.go:13.76,16.19 2 0
projectBE23/mocks/AccountUtilityInterface.go:16.19,17.56 1 0
projectBE23/mocks/AccountUtilityInterface.go:20.2,21.51 2 0
projectBE23/mocks/AccountUtilityInterface.go:21.51,23.3 1 0
projectBE23/mocks/AccountUtilityInterface.go:23.8,25.3 1 0
projectBE23/mocks/AccountUtilityInterface.go:27.2,27.11 1 0
projectBE23/mocks/AccountUtilityInterface.go:31.82,34.19 2 0
projectBE23/mocks/AccountUtilityInterface.go:34.19,35.59 1 0
projectBE23/mocks/AccountUtilityInterface.go:38.2,39.51 2 0
projectBE23/mocks/AccountUtilityInterface.go:39.51,41.3 1 0
projectBE23/mocks/AccountUtilityInterface.go:41.8,43.3 1 0
projectBE23/mocks/AccountUtilityInterface.go:45.2,45.11 1 0
projectBE23/mocks/AccountUtilityInterface.go:49.79,52.19 2 0
projectBE23/mocks/AccountUtilityInterface.go:52.19,53.62 1 0
projectBE23/mocks/AccountUtilityInterface.go:56.2,57.51 2 0
projectBE23/mocks/AccountUtilityInterface.go:57.51,59.3 1 0
projectBE23/mocks/AccountUtilityInterface.go:59.8,61.3 1 0
projectBE23/mocks/AccountUtilityInterface.go:63.2,63.11 1 0
projectBE23/mocks/AccountUtilityInterface.go:71.29,75.19 3 0
projectBE23/mocks/AccountUtilityInterface.go:75.19,75.49 1 0
projectBE23/mocks/AccountUtilityInterface.go:77.2,77.13 1 0
projectBE23/mocks/DataCarttInterface.go:17.53,20.19 2 0
projectBE23/mocks/DataCarttInterface.go:20.19,21.48 1 0
projectBE23/mocks/DataCarttInterface.go:24.2,25.49 2 0
projectBE23/mocks/DataCarttInterface.go:25.49,27.3 1 0
projectBE23/mocks/DataCarttInterface.go:27.8,29.3 1 0
projectBE23/mocks/DataCarttInterface.go:31.2,31.11 1 0
projectBE23/mocks/DataCarttInterface.go:35.68,38.19 2 0
projectBE23/mocks/DataCarttInterface.go:38.19,39.48 1 0
projectBE23/mocks/DataCarttInterface.go:42.2,44.67 3 0
projectBE23/mocks/DataCarttInterface.go:44.67,46.3 1 0
projectBE23/mocks/DataCarttInterface.go:47.2,47.58 1 0
projectBE23/mocks/DataCarttInterface.go:47.58,49.3 1 0
projectBE23/mocks/DataCarttInterface.go:49.8,50.24 1 0
projectBE23/mocks/DataCarttInterface.go:50.24,52.4 1 0
projectBE23/mocks/DataCarttInterface.go:55.2,55.45 1 0
projectBE23/mocks/DataCarttInterface.go:55.45,57.3 1 0
projectBE23/mocks/DataCarttInterface.go:57.8,59.3 1 0
projectBE23/mocks/DataCarttInterface.go:61.2,61.15 1 0
projectBE23/mocks/DataCarttInterface.go:65.74,68.19 2 0
projectBE23/mocks/DataCarttInterface.go:68.19,69.49 1 0
projectBE23/mocks/DataCarttInterface.go:72.2,74.69 3 0
projectBE23/mocks/DataCarttInterface.go:74.69,76.3 1 0
projectBE23/mocks/DataCarttInterface.go:77.2,77.60 1 0
projectBE23/mocks/DataCarttInterface.go:77.60,79.3 1 0
projectBE23/mocks/DataCarttInterface.go:79.8,81.3 1 0
projectBE23/mocks/DataCarttInterface.go:83.2,83.49 1 0
projectBE23/mocks/DataCarttInterface.go:83.49,85.3 1 0
projectBE23/mocks/DataCarttInterface.go:85.8,87.3 1 0
projectBE23/mocks/DataCarttInterface.go:89.2,89.15 1 0
projectBE23/mocks/DataCarttInterface.go:93.87,96.19 2 0
projectBE23/mocks/DataCarttInterface.go:96.19,97.48 1 0
projectBE23/mocks/DataCarttInterface.go:100.2,102.81 3 0
projectBE23/mocks/DataCarttInterface.go:102.81,104.3 1 0
projectBE23/mocks/DataCarttInterface.go:105.2,105.72 1 0
projectBE23/mocks/DataCarttInterface.go:105.72,107.3 1 0
projectBE23/mocks/DataCarttInterface.go:107.8,109.3 1 0
projectBE23/mocks/DataCarttInterface.go:111.2,111.61 1 0
projectBE23/mocks/DataCarttInterface.go:111.61,113.3 1 0
projectBE23/mocks/DataCarttInterface.go:113.8,115.3 1 0
projectBE23/mocks/DataCarttInterface.go:117.2,117.15 1 0
projectBE23/mocks/DataCarttInterface.go:121.76,124.19 2 0
projectBE23/mocks/DataCarttInterface.go:124.19,125.48 1 0
projectBE23/mocks/DataCarttInterface.go:128.2,129.67 2 0
projectBE23/mocks/DataCarttInterface.go:129.67,131.3 1 0
projectBE23/mocks/DataCarttInterface.go:131.8,133.3 1 0
projectBE23/mocks/DataCarttInterface.go:135.2,135.11 1 0
projectBE23/mocks/DataCarttInterface.go:143.24,147.19 3 0
projectBE23/mocks/DataCarttInterface.go:147.19,147.49 1 0
projectBE23/mocks/DataCarttInterface.go:149.2,149.13 1 0
projectBE23/mocks/DataProductInterface.go:17.74,20.19 2 0
projectBE23/mocks/DataProductInterface.go:20.19,21.57 1 0
projectBE23/mocks/DataProductInterface.go:24.2,25.55 2 0
projectBE23/mocks/DataProductInterface.go:25.55,27.3 1 0
projectBE23/mocks/DataProductInterface.go:27.8,29.3 1 0
projectBE23/mocks/DataProductInterface.go:31.2,31.11 1 0
projectBE23/mocks/DataProductInterface.go:35.55,38.19 2 1
projectBE23/mocks/DataProductInterface.go:38.19,39.48 1 0
projectBE23/mocks/DataProductInterface.go:42.2,43.49 2 1
projectBE23/mocks/DataProductInterface.go:43.49,45.3 1 0
projectBE23/mocks/DataProductInterface.go:45.8,47.3 1 1
projectBE23/mocks/DataProductInterface.go:49.2,49.11 1 1
projectBE23/mocks/DataProductInterface.go:53.99,56.19 2 1
projectBE23/mocks/DataProductInterface.go:56.19,57.48 1 0
projectBE23/mocks/DataProductInterface.go:60.2,62.82 3 1
projectBE23/mocks/DataProductInterface.go:62.82,64.3 1 0
projectBE23/mocks/DataProductInterface.go:65.2,65.73 1 1
projectBE23/mocks/DataProductInterface.go:65.73,67.3 1 0
projectBE23/mocks/DataProductInterface.go:67.8,68.24 1 1
projectBE23/mocks/DataProductInterface.go:68.24,70.4 1 1
projectBE23/mocks/DataProductInterface.go:73.2,73.53 1 1
projectBE23/mocks/DataProductInterface.go:73.53,75.3 1 0
projectBE23/mocks/DataProductInterface.go:75.8,77.3 1 1
projectBE23/mocks/DataProductInterface.go:79.2,79.15 1 1
projectBE23/mocks/DataProductInterface.go:83.91,86.19 2 1
projectBE23/mocks/DataProductInterface.go:86.19,87.56 1 0
projectBE23/mocks/DataProductInterface.go:90.2,92.77 3 1
projectBE23/mocks/DataProductInterface.go:92.77,94.3 1 0
projectBE23/mocks/DataProductInterface.go:95.2,95.68 1 1
projectBE23/mocks/DataProductInterface.go:95.68,97.3 1 0
projectBE23/mocks/DataProductInterface.go:97.8,98.24 1 1
projectBE23/mocks/DataProductInterface.go:98.24,100.4 1 1
projectBE23/mocks/DataProductInterface.go:103.2,103.49 1 1
projectBE23/mocks/DataProductInterface.go:103.49,105.3 1 0
projectBE23/mocks/DataProductInterface.go:105.8,107.3 1 1
projectBE23/mocks/DataProductInterface.go:109.2,109.15 1 1
projectBE23/mocks/DataProductInterface.go:113.105,116.19 2 1
projectBE23/mocks/DataProductInterface.go:116.19,117.58 1 0
projectBE23/mocks/DataProductInterface.go:120.2,122.80 3 1
projectBE23/mocks/DataProductInterface.go:122.80,124.3 1 0
projectBE23/mocks/DataProductInterface.go:125.2,125.71 1 1
projectBE23/mocks/DataProductInterface.go:125.71,127.3 1 0
projectBE23/mocks/DataProductInterface.go:127.8,128.24 1 1
projectBE23/mocks/DataProductInterface.go:128.24,130.4 1 1
projectBE23/mocks/DataProductInterface.go:133.2,133.51 1 1
projectBE23/mocks/DataProductInterface.go:133.51,135.3 1 0
projectBE23/mocks/DataProductInterface.go:135.8,137.3 1 1
projectBE23/mocks/DataProductInterface.go:139.2,139.15 1 1
projectBE23/mocks/DataProductInterface.go:143.121,146.19 2 1
projectBE23/mocks/DataProductInterface.go:146.19,147.57 1 0
projectBE23/mocks/DataProductInterface.go:150.2,152.88 3 1
projectBE23/mocks/DataProductInterface.go:152.88,154.3 1 0
projectBE23/mocks/DataProductInterface.go:155.2,155.79 1 1
projectBE23/mocks/DataProductInterface.go:155.79,157.3 1 0
projectBE23/mocks/DataProductInterface.go:157.8,158.24 1 1
projectBE23/mocks/DataProductInterface.go:158.24,160.4 1 1
projectBE23/mocks/DataProductInterface.go:163.2,163.59 1 1
projectBE23/mocks/DataProductInterface.go:163.59,165.3 1 0
projectBE23/mocks/DataProductInterface.go:165.8,167.3 1 1
projectBE23/mocks/DataProductInterface.go:169.2,169.15 1 1
projectBE23/mocks/DataProductInterface.go:173.87,176.19 2 1
projectBE23/mocks/DataProductInterface.go:176.19,177.48 1 0
projectBE23/mocks/DataProductInterface.go:180.2,182.76 3 1
projectBE23/mocks/DataProductInterface.go:182.76,184.3 1 0
projectBE23/mocks/DataProductInterface.go:185.2,185.67 1 1
projectBE23/mocks/DataProductInterface.go:185.67,187.3 1 0
projectBE23/mocks/DataProductInterface.go:187.8,189.3 1 1
projectBE23/mocks/DataProductInterface.go:191.2,191.68 1 1
projectBE23/mocks/DataProductInterface.go:191.68,193.3 1 0
projectBE23/mocks/DataProductInterface.go:193.8,195.3 1 1
projectBE23/mocks/DataProductInterface.go:197.2,197.15 1 1
projectBE23/mocks/DataProductInterface.go:201.87,204.19 2 1
projectBE23/mocks/DataProductInterface.go:204.19,205.52 1 0
projectBE23/mocks/DataProductInterface.go:208.2,210.77 3 1
projectBE23/mocks/DataProductInterface.go:210.77,212.3 1 0
projectBE23/mocks/DataProductInterface.go:213.2,213.68 1 1
projectBE23/mocks/DataProductInterface.go:213.68,215.3 1 0
projectBE23/mocks/DataProductInterface.go:215.8,216.24 1 1
projectBE23/mocks/DataProductInterface.go:216.24,218.4 1 1
projectBE23/mocks/DataProductInterface.go:221.2,221.49 1 1
projectBE23/mocks/DataProductInterface.go:221.49,223.3 1 0
projectBE23/mocks/DataProductInterface.go:223.8,225.3 1 1
projectBE23/mocks/DataProductInterface.go:227.2,227.15 1 1
projectBE23/mocks/DataProductInterface.go:231.88,234.19 2 1
projectBE23/mocks/DataProductInterface.go:234.19,235.48 1 0
projectBE23/mocks/DataProductInterface.go:238.2,239.74 2 1
projectBE23/mocks/DataProductInterface.go:239.74,241.3 1 0
projectBE23/mocks/DataProductInterface.go:241.8,243.3 1 1
projectBE23/mocks/DataProductInterface.go:245.2,245.11 1 1
projectBE23/mocks/DataProductInterface.go:253.26,257.19 3 0
projectBE23/mocks/DataProductInterface.go:257.19,257.49 1 0
projectBE23/mocks/DataProductInterface.go:259.2,259.13 1 0
projectBE23/mocks/DataUserInterface.go:17.80,20.19 2 0
projectBE23/mocks/DataUserInterface.go:20.19,21.56 1 0
projectBE23/mocks/DataUserInterface.go:24.2,26.66 3 0
projectBE23/mocks/DataUserInterface.go:26.66,28.3 1 0
projectBE23/mocks/DataUserInterface.go:29.2,29.57 1 0
projectBE23/mocks/DataUserInterface.go:29.57,31.3 1 0
projectBE23/mocks/DataUserInterface.go:31.8,32.24 1 0
projectBE23/mocks/DataUserInterface.go:32.24,34.4 1 0
projectBE23/mocks/DataUserInterface.go:37.2,37.51 1 0
projectBE23/mocks/DataUserInterface.go:37.51,39.3 1 0
projectBE23/mocks/DataUserInterface.go:39.8,41.3 1 0
projectBE23/mocks/DataUserInterface.go:43.2,43.15 1 0
projectBE23/mocks/DataUserInterface.go:47.76,50.19 2 0
projectBE23/mocks/DataUserInterface.go:50.19,51.53 1 0
projectBE23/mocks/DataUserInterface.go:54.2,56.64 3 0
projectBE23/mocks/DataUserInterface.go:56.64,58.3 1 0
projectBE23/mocks/DataUserInterface.go:59.2,59.55 1 0
projectBE23/mocks/DataUserInterface.go:59.55,61.3 1 0
projectBE23/mocks/DataUserInterface.go:61.8,62.24 1 0
projectBE23/mocks/DataUserInterface.go:62.24,64.4 1 0
projectBE23/mocks/DataUserInterface.go:67.2,67.49 1 0
projectBE23/mocks/DataUserInterface.go:67.49,69.3 1 0
projectBE23/mocks/DataUserInterface.go:69.8,71.3 1 0
projectBE23/mocks/DataUserInterface.go:73.2,73.15 1 0
projectBE23/mocks/DataUserInterface.go:77.78,80.19 2 0
projectBE23/mocks/DataUserInterface.go:80.19,81.55 1 0
projectBE23/mocks/DataUserInterface.go:84.2,86.63 3 0
projectBE23/mocks/DataUserInterface.go:86.63,88.3 1 0
projectBE23/mocks/DataUserInterface.go:89.2,89.54 1 0
projectBE23/mocks/DataUserInterface.go:89.54,91.3 1 0
projectBE23/mocks/DataUserInterface.go:91.8,93.3 1 0
projectBE23/mocks/DataUserInterface.go:95.2,95.55 1 0
projectBE23/mocks/DataUserInterface.go:95.55,97.3 1 0
projectBE23/mocks/DataUserInterface.go:97.8,99.3 1 0
projectBE23/mocks/DataUserInterface.go:101.2,101.15 1 0
projectBE23/mocks/DataUserInterface.go:105.63,108.19 2 0
projectBE23/mocks/DataUserInterface.go:108.19,109.55 1 0
projectBE23/mocks/DataUserInterface.go:112.2,113.49 2 0
projectBE23/mocks/DataUserInterface.go:113.49,115.3 1 0
projectBE23/mocks/DataUserInterface.go:115.8,117.3 1 0
projectBE23/mocks/DataUserInterface.go:119.2,119.11 1 0
projectBE23/mocks/DataUserInterface.go:123.83,126.19 2 0
projectBE23/mocks/DataUserInterface.go:126.19,127.55 1 0
projectBE23/mocks/DataUserInterface.go:130.2,131.61 2 0
projectBE23/mocks/DataUserInterface.go:131.61,133.3 1 0
projectBE23/mocks/DataUserInterface.go:133.8,135.3 1 0
projectBE23/mocks/DataUserInterface.go:137.2,137.11 1 0
projectBE23/mocks/DataUserInterface.go:145.23,149.19 3 0
projectBE23/mocks/DataUserInterface.go:149.19,149.49 1 0
projectBE23/mocks/DataUserInterface.go:151.2,151.13 1 0
projectBE23/mocks/HandlerOrderInterface.go:16.67,19.19 2 0
projectBE23/mocks/HandlerOrderInterface.go:19.19,20.55 1 0
projectBE23/mocks/HandlerOrderInterface.go:23.2,24.56 2 0
projectBE23/mocks/HandlerOrderInterface.go:24.56,26.3 1 0
projectBE23/mocks/HandlerOrderInterface.go:26.8,27.24 1 0
projectBE23/mocks/HandlerOrderInterface.go:27.24,29.4 1 0
projectBE23/mocks/HandlerOrderInterface.go:32.2,32.11 1 0
projectBE23/mocks/HandlerOrderInterface.go:36.63,39.19 2 0
projectBE23/mocks/HandlerOrderInterface.go:39.19,40.51 1 0
projectBE23/mocks/HandlerOrderInterface.go:43.2,44.56 2 0
projectBE23/mocks/HandlerOrderInterface.go:44.56,46.3 1 0
projectBE23/mocks/HandlerOrderInterface.go:46.8,47.24 1 0
projectBE23/mocks/HandlerOrderInterface.go:47.24,49.4 1 0
projectBE23/mocks/HandlerOrderInterface.go:52.2,52.11 1 0
projectBE23/mocks/HandlerOrderInterface.go:60.27,64.19 3 0
projectBE23/mocks/HandlerOrderInterface.go:64.19,64.49 1 0
projectBE23/mocks/HandlerOrderInterface.go:66.2,66.13 1 0
projectBE23/mocks/HandlerPaymentInterface.go:18.116,21.19 2 0
projectBE23/mocks/HandlerPaymentInterface.go:21.19,22.56 1 0
projectBE23/mocks/HandlerPaymentInterface.go:25.2,27.90 3 0
projectBE23/mocks/HandlerPaymentInterface.go:27.90,29.3 1 0
projectBE23/mocks/HandlerPaymentInterface.go:30.2,30.81 1 0
projectBE23/mocks/HandlerPaymentInterface.go:30.81,32.3 1 0
projectBE23/mocks/HandlerPaymentInterface.go:32.8,34.3 1 0
projectBE23/mocks/HandlerPaymentInterface.go:36.2,36.66 1 0
projectBE23/mocks/HandlerPaymentInterface.go:36.66,38.3 1 0
projectBE23/mocks/HandlerPaymentInterface.go:38.8,40.3 1 0
projectBE23/mocks/HandlerPaymentInterface.go:42.2,42.15 1 0
projectBE23/mocks/HandlerPaymentInterface.go:46.81,49.19 2 0
projectBE23/mocks/HandlerPaymentInterface.go:49.19,50.67 1 0
projectBE23/mocks/HandlerPaymentInterface.go:53.2,54.56 2 0
projectBE23/mocks/HandlerPaymentInterface.go:54.56,56.3 1 0
projectBE23/mocks/HandlerPaymentInterface.go:56.8,57.24 1 0
projectBE23/mocks/HandlerPaymentInterface.go:57.24,59.4 1 0
projectBE23/mocks/HandlerPaymentInterface.go:62.2,62.11 1 0
projectBE23/mocks/HandlerPaymentInterface.go:70.29,74.19 3 0
projectBE23/mocks/HandlerPaymentInterface.go:74.19,74.49 1 0
projectBE23/mocks/HandlerPaymentInterface.go:76.2,76.13 1 0
projectBE23/mocks/HashInterface.go:13.78,16.19 2 0
projectBE23/mocks/HashInterface.go:16.19,17.59 1 0
projectBE23/mocks/HashInterface.go:20.2,21.58 2 0
projectBE23/mocks/HashInterface.go:21.58,23.3 1 0
projectBE23/mocks/HashInterface.go:23.8,25.3 1 0
projectBE23/mocks/HashInterface.go:27.2,27.11 1 0
projectBE23/mocks/HashInterface.go:31.69,34.19 2 0
projectBE23/mocks/HashInterface.go:34.19,35.54 1 0
projectBE23/mocks/HashInterface.go:38.2,40.61 3 0
projectBE23/mocks/HashInterface.go:40.61,42.3 1 0
projectBE23/mocks/HashInterface.go:43.2,43.52 1 0
projectBE23/mocks/HashInterface.go:43.52,45.3 1 0
projectBE23/mocks/HashInterface.go:45.8,47.3 1 0
projectBE23/mocks/HashInterface.go:49.2,49.51 1 0
projectBE23/mocks/HashInterface.go:49.51,51.3 1 0
projectBE23/mocks/HashInterface.go:51.8,53.3 1 0
projectBE23/mocks/HashInterface.go:55.2,55.15 1 0
projectBE23/mocks/HashInterface.go:63.19,67.19 3 0
projectBE23/mocks/HashInterface.go:67.19,67.49 1 0
projectBE23/mocks/HashInterface.go:69.2,69.13 1 0
projectBE23/mocks/MiddlewaresInterface.go:17.73,20.19 2 0
projectBE23/mocks/MiddlewaresInterface.go:20.19,21.53 1 0
projectBE23/mocks/MiddlewaresInterface.go:24.2,26.58 3 0
projectBE23/mocks/MiddlewaresInterface.go:26.58,28.3 1 0
projectBE23/mocks/MiddlewaresInterface.go:29.2,29.49 1 0
projectBE23/mocks/MiddlewaresInterface.go:29.49,31.3 1 0
projectBE23/mocks/MiddlewaresInterface.go:31.8,33.3 1 0
projectBE23/mocks/MiddlewaresInterface.go:35.2,35.48 1 0
projectBE23/mocks/MiddlewaresInterface.go:35.48,37.3 1 0
projectBE23/mocks/MiddlewaresInterface.go:37.8,39.3 1 0
projectBE23/mocks/MiddlewaresInterface.go:41.2,41.15 1 0
projectBE23/mocks/MiddlewaresInterface.go:45.72,48.19 2 0
projectBE23/mocks/MiddlewaresInterface.go:48.19,49.60 1 0
projectBE23/mocks/MiddlewaresInterface.go:52.2,53.55 2 0
projectBE23/mocks/MiddlewaresInterface.go:53.55,55.3 1 0
projectBE23/mocks/MiddlewaresInterface.go:55.8,57.3 1 0
projectBE23/mocks/MiddlewaresInterface.go:59.2,59.11 1 0
projectBE23/mocks/MiddlewaresInterface.go:63.69,66.19 2 0
projectBE23/mocks/MiddlewaresInterface.go:66.19,67.57 1 0
projectBE23/mocks/MiddlewaresInterface.go:70.2,71.51 2 0
projectBE23/mocks/MiddlewaresInterface.go:71.51,73.3 1 0
projectBE23/mocks/MiddlewaresInterface.go:73.8,75.3 1 0
projectBE23/mocks/MiddlewaresInterface.go:77.2,77.11 1 0
projectBE23/mocks/MiddlewaresInterface.go:81.71,84.19 2 0
projectBE23/mocks/MiddlewaresInterface.go:84.19,85.60 1 0
projectBE23/mocks/MiddlewaresInterface.go:88.2,89.50 2 0
projectBE23/mocks/MiddlewaresInterface.go:89.50,91.3 1 0
projectBE23/mocks/MiddlewaresInterface.go:91.8,93.3 1 0
projectBE23/mocks/MiddlewaresInterface.go:95.2,95.11 1 0
projectBE23/mocks/MiddlewaresInterface.go:99.69,102.19 2 0
projectBE23/mocks/MiddlewaresInterface.go:102.19,103.55 1 0
projectBE23/mocks/MiddlewaresInterface.go:106.2,107.59 2 0
projectBE23/mocks/MiddlewaresInterface.go:107.59,109.3 1 0
projectBE23/mocks/MiddlewaresInterface.go:109.8,110.24 1 0
projectBE23/mocks/MiddlewaresInterface.go:110.24,112.4 1 0
projectBE23/mocks/MiddlewaresInterface.go:115.2,115.11 1 0
projectBE23/mocks/MiddlewaresInterface.go:123.26,127.19 3 0
projectBE23/mocks/MiddlewaresInterface.go:127.19,127.49 1 0
projectBE23/mocks/MiddlewaresInterface.go:129.2,129.13 1 0
projectBE23/mocks/QueryOrderInterface.go:17.144,20.19 2 0
projectBE23/mocks/QueryOrderInterface.go:20.19,21.55 1 0
projectBE23/mocks/QueryOrderInterface.go:24.2,27.105 4 0
projectBE23/mocks/QueryOrderInterface.go:27.105,29.3 1 0
projectBE23/mocks/QueryOrderInterface.go:30.2,30.90 1 0
projectBE23/mocks/QueryOrderInterface.go:30.90,32.3 1 0
projectBE23/mocks/QueryOrderInterface.go:32.8,34.3 1 0
projectBE23/mocks/QueryOrderInterface.go:36.2,36.90 1 0
projectBE23/mocks/QueryOrderInterface.go:36.90,38.3 1 0
projectBE23/mocks/QueryOrderInterface.go:38.8,40.3 1 0
projectBE23/mocks/QueryOrderInterface.go:42.2,42.91 1 0
projectBE23/mocks/QueryOrderInterface.go:42.91,44.3 1 0
projectBE23/mocks/QueryOrderInterface.go:44.8,46.3 1 0
projectBE23/mocks/QueryOrderInterface.go:48.2,48.19 1 0
projectBE23/mocks/QueryOrderInterface.go:52.90,55.19 2 0
projectBE23/mocks/QueryOrderInterface.go:55.19,56.58 1 0
projectBE23/mocks/QueryOrderInterface.go:59.2,60.68 2 0
projectBE23/mocks/QueryOrderInterface.go:60.68,62.3 1 0
projectBE23/mocks/QueryOrderInterface.go:62.8,64.3 1 0
projectBE23/mocks/QueryOrderInterface.go:66.2,66.11 1 0
projectBE23/mocks/QueryOrderInterface.go:70.74,73.19 2 0
projectBE23/mocks/QueryOrderInterface.go:73.19,74.60 1 0
projectBE23/mocks/QueryOrderInterface.go:77.2,79.57 3 0
projectBE23/mocks/QueryOrderInterface.go:79.57,81.3 1 0
projectBE23/mocks/QueryOrderInterface.go:82.2,82.48 1 0
projectBE23/mocks/QueryOrderInterface.go:82.48,84.3 1 0
projectBE23/mocks/QueryOrderInterface.go:84.8,86.3 1 0
projectBE23/mocks/QueryOrderInterface.go:88.2,88.49 1 0
projectBE23/mocks/QueryOrderInterface.go:88.49,90.3 1 0
projectBE23/mocks/QueryOrderInterface.go:90.8,92.3 1 0
projectBE23/mocks/QueryOrderInterface.go:94.2,94.15 1 0
projectBE23/mocks/QueryOrderInterface.go:98.90,101.19 2 0
projectBE23/mocks/QueryOrderInterface.go:101.19,102.51 1 0
projectBE23/mocks/QueryOrderInterface.go:105.2,107.78 3 0
projectBE23/mocks/QueryOrderInterface.go:107.78,109.3 1 0
projectBE23/mocks/QueryOrderInterface.go:110.2,110.69 1 0
projectBE23/mocks/QueryOrderInterface.go:110.69,112.3 1 0
projectBE23/mocks/QueryOrderInterface.go:112.8,113.24 1 0
projectBE23/mocks/QueryOrderInterface.go:113.24,115.4 1 0
projectBE23/mocks/QueryOrderInterface.go:118.2,118.49 1 0
projectBE23/mocks/QueryOrderInterface.go:118.49,120.3 1 0
projectBE23/mocks/QueryOrderInterface.go:120.8,122.3 1 0
projectBE23/mocks/QueryOrderInterface.go:124.2,124.15 1 0
projectBE23/mocks/QueryOrderInterface.go:132.25,136.19 3 0
projectBE23/mocks/QueryOrderInterface.go:136.19,136.49 1 0
projectBE23/mocks/QueryOrderInterface.go:138.2,138.13 1 0
projectBE23/mocks/QueryPaymentInterface.go:17.106,20.19 2 0
projectBE23/mocks/QueryPaymentInterface.go:20.19,21.59 1 0
projectBE23/mocks/QueryPaymentInterface.go:24.2,25.74 2 0
projectBE23/mocks/QueryPaymentInterface.go:25.74,27.3 1 0
projectBE23/mocks/QueryPaymentInterface.go:27.8,29.3 1 0
projectBE23/mocks/QueryPaymentInterface.go:31.2,31.11 1 0
projectBE23/mocks/QueryPaymentInterface.go:39.27,43.19 3 0
projectBE23/mocks/QueryPaymentInterface.go:43.19,43.49 1 0
projectBE23/mocks/QueryPaymentInterface.go:45.2,45.13 1 0
projectBE23/mocks/ServiceCartInterface.go:17.89,20.19 2 0
projectBE23/mocks/ServiceCartInterface.go:20.19,21.48 1 0
projectBE23/mocks/ServiceCartInterface.go:24.2,26.81 3 0
projectBE23/mocks/ServiceCartInterface.go:26.81,28.3 1 0
projectBE23/mocks/ServiceCartInterface.go:29.2,29.72 1 0
projectBE23/mocks/ServiceCartInterface.go:29.72,31.3 1 0
projectBE23/mocks/ServiceCartInterface.go:31.8,33.3 1 0
projectBE23/mocks/ServiceCartInterface.go:35.2,35.61 1 0
projectBE23/mocks/ServiceCartInterface.go:35.61,37.3 1 0
projectBE23/mocks/ServiceCartInterface.go:37.8,39.3 1 0
projectBE23/mocks/ServiceCartInterface.go:41.2,41.15 1 0
projectBE23/mocks/ServiceCartInterface.go:45.55,48.19 2 0
projectBE23/mocks/ServiceCartInterface.go:48.19,49.48 1 0
projectBE23/mocks/ServiceCartInterface.go:52.2,53.49 2 0
projectBE23/mocks/ServiceCartInterface.go:53.49,55.3 1 0
projectBE23/mocks/ServiceCartInterface.go:55.8,57.3 1 0
projectBE23/mocks/ServiceCartInterface.go:59.2,59.11 1 0
projectBE23/mocks/ServiceCartInterface.go:63.77,66.19 2 0
projectBE23/mocks/ServiceCartInterface.go:66.19,67.50 1 0
projectBE23/mocks/ServiceCartInterface.go:70.2,72.69 3 0
projectBE23/mocks/ServiceCartInterface.go:72.69,74.3 1 0
projectBE23/mocks/ServiceCartInterface.go:75.2,75.60 1 0
projectBE23/mocks/ServiceCartInterface.go:75.60,77.3 1 0
projectBE23/mocks/ServiceCartInterface.go:77.8,79.3 1 0
projectBE23/mocks/ServiceCartInterface.go:81.2,81.49 1 0
projectBE23/mocks/ServiceCartInterface.go:81.49,83.3 1 0
projectBE23/mocks/ServiceCartInterface.go:83.8,85.3 1 0
projectBE23/mocks/ServiceCartInterface.go:87.2,87.15 1 0
projectBE23/mocks/ServiceCartInterface.go:91.74,94.19 2 0
projectBE23/mocks/ServiceCartInterface.go:94.19,95.52 1 0
projectBE23/mocks/ServiceCartInterface.go:98.2,100.67 3 0
projectBE23/mocks/ServiceCartInterface.go:100.67,102.3 1 0
projectBE23/mocks/ServiceCartInterface.go:103.2,103.58 1 0
projectBE23/mocks/ServiceCartInterface.go:103.58,105.3 1 0
projectBE23/mocks/ServiceCartInterface.go:105.8,106.24 1 0
projectBE23/mocks/ServiceCartInterface.go:106.24,108.4 1 0
projectBE23/mocks/ServiceCartInterface.go:111.2,111.45 1 0
projectBE23/mocks/ServiceCartInterface.go:111.45,113.3 1 0
projectBE23/mocks/ServiceCartInterface.go:113.8,115.3 1 0
projectBE23/mocks/ServiceCartInterface.go:117.2,117.15 1 0
projectBE23/mocks/ServiceCartInterface.go:121.78,124.19 2 0
projectBE23/mocks/ServiceCartInterface.go:124.19,125.48 1 0
projectBE23/mocks/ServiceCartInterface.go:128.2,129.67 2 0
projectBE23/mocks/ServiceCartInterface.go:129.67,131.3 1 0
projectBE23/mocks/ServiceCartInterface.go:131.8,133.3 1 0
projectBE23/mocks/ServiceCartInterface.go:135.2,135.11 1 0
projectBE23/mocks/ServiceCartInterface.go:143.26,147.19 3 0
projectBE23/mocks/ServiceCartInterface.go:147.19,147.49 1 0
projectBE23/mocks/ServiceCartInterface.go:149.2,149.13 1 0
projectBE23/mocks/ServiceOrderInterface.go:17.146,20.19 2 0
projectBE23/mocks/ServiceOrderInterface.go:20.19,21.55 1 0
projectBE23/mocks/ServiceOrderInterface.go:24.2,27.105 4 0
projectBE23/mocks/ServiceOrderInterface.go:27.105,29.3 1 0
projectBE23/mocks/ServiceOrderInterface.go:30.2,30.90 1 0
projectBE23/mocks/ServiceOrderInterface.go:30.90,32.3 1 0
projectBE23/mocks/ServiceOrderInterface.go:32.8,34.3 1 0
projectBE23/mocks/ServiceOrderInterface.go:36.2,36.90 1 0
projectBE23/mocks/ServiceOrderInterface.go:36.90,38.3 1 0
projectBE23/mocks/ServiceOrderInterface.go:38.8,40.3 1 0
projectBE23/mocks/ServiceOrderInterface.go:42.2,42.91 1 0
projectBE23/mocks/ServiceOrderInterface.go:42.91,44.3 1 0
projectBE23/mocks/ServiceOrderInterface.go:44.8,46.3 1 0
projectBE23/mocks/ServiceOrderInterface.go:48.2,48.19 1 0
projectBE23/mocks/ServiceOrderInterface.go:52.92,55.19 2 0
projectBE23/mocks/ServiceOrderInterface.go:55.19,56.58 1 0
projectBE23/mocks/ServiceOrderInterface.go:59.2,60.68 2 0
projectBE23/mocks/ServiceOrderInterface.go:60.68,62.3 1 0
projectBE23/mocks/ServiceOrderInterface.go:62.8,64.3 1 0
projectBE23/mocks/ServiceOrderInterface.go:66.2,66.11 1 0
projectBE23/mocks/ServiceOrderInterface.go:70.76,73.19 2 0
projectBE23/mocks/ServiceOrderInterface.go:73.19,74.60 1 0
projectBE23/mocks/ServiceOrderInterface.go:77.2,79.57 3 0
projectBE23/mocks/ServiceOrderInterface.go:79.57,81.3 1 0
projectBE23/mocks/ServiceOrderInterface.go:82.2,82.48 1 0
projectBE23/mocks/ServiceOrderInterface.go:82.48,84.3 1 0
projectBE23/mocks/ServiceOrderInterface.go:84.8,86.3 1 0
projectBE23/mocks/ServiceOrderInterface.go:88.2,88.49 1 0
projectBE23/mocks/ServiceOrderInterface.go:88.49,90.3 1 0
projectBE23/mocks/ServiceOrderInterface.go:90.8,92.3 1 0
projectBE23/mocks/ServiceOrderInterface.go:94.2,94.15 1 0
projectBE23/mocks/ServiceOrderInterface.go:98.92,101.19 2 0
projectBE23/mocks/ServiceOrderInterface.go:101.19,102.51 1 0
projectBE23/mocks/ServiceOrderInterface.go:105.2,107.78 3 0
projectBE23/mocks/ServiceOrderInterface.go:107.78,109.3 1 0
projectBE23/mocks/ServiceOrderInterface.go:110.2,110.69 1 0
projectBE23/mocks/ServiceOrderInterface.go:110.69,112.3 1 0
projectBE23/mocks/ServiceOrderInterface.go:112.8,113.24 1 0
projectBE23/mocks/ServiceOrderInterface.go:113.24,115.4 1 0
projectBE23/mocks/ServiceOrderInterface.go:118.2,118.49 1 0
projectBE23/mocks/ServiceOrderInterface.go:118.49,120.3 1 0
projectBE23/mocks/ServiceOrderInterface.go:120.8,122.3 1 0
projectBE23/mocks/ServiceOrderInterface.go:124.2,124.15 1 0
projectBE23/mocks/ServiceOrderInterface.go:128.139,131.19 2 0
projectBE23/mocks/ServiceOrderInterface.go:131.19,132.61 1 0
projectBE23/mocks/ServiceOrderInterface.go:135.2,137.105 3 0
projectBE23/mocks/ServiceOrderInterface.go:137.105,139.3 1 0
projectBE23/mocks/ServiceOrderInterface.go:140.2,140.96 1 0
projectBE23/mocks/ServiceOrderInterface.go:140.96,142.3 1 0
projectBE23/mocks/ServiceOrderInterface.go:142.8,144.3 1 0
projectBE23/mocks/ServiceOrderInterface.go:146.2,146.77 1 0
projectBE23/mocks/ServiceOrderInterface.go:146.77,148.3 1 0
projectBE23/mocks/ServiceOrderInterface.go:148.8,150.3 1 0
projectBE23/mocks/ServiceOrderInterface.go:152.2,152.15 1 0
projectBE23/mocks/ServiceOrderInterface.go:160.27,164.19 3 0
projectBE23/mocks/ServiceOrderInterface.go:164.19,164.49 1 0
projectBE23/mocks/ServiceOrderInterface.go:166.2,166.13 1 0
projectBE23/mocks/ServicePaymentIinterface.go:17.106,20.19 2 0
projectBE23/mocks/ServicePaymentIinterface.go:20.19,21.61 1 0
projectBE23/mocks/ServicePaymentIinterface.go:24.2,25.74 2 0
projectBE23/mocks/ServicePaymentIinterface.go:25.74,27.3 1 0
projectBE23/mocks/ServicePaymentIinterface.go:27.8,29.3 1 0
projectBE23/mocks/ServicePaymentIinterface.go:31.2,31.11 1 0
projectBE23/mocks/ServicePaymentIinterface.go:39.30,43.19 3 0
projectBE23/mocks/ServicePaymentIinterface.go:43.19,43.49 1 0
projectBE23/mocks/ServicePaymentIinterface.go:45.2,45.13 1 0
projectBE23/mocks/ServiceProductInterface.go:17.90,20.19 2 0
projectBE23/mocks/ServiceProductInterface.go:20.19,21.48 1 0
projectBE23/mocks/ServiceProductInterface.go:24.2,26.76 3 0
projectBE23/mocks/ServiceProductInterface.go:26.76,28.3 1 0
projectBE23/mocks/ServiceProductInterface.go:29.2,29.67 1 0
projectBE23/mocks/ServiceProductInterface.go:29.67,31.3 1 0
projectBE23/mocks/ServiceProductInterface.go:31.8,33.3 1 0
projectBE23/mocks/ServiceProductInterface.go:35.2,35.68 1 0
projectBE23/mocks/ServiceProductInterface.go:35.68,37.3 1 0
projectBE23/mocks/ServiceProductInterface.go:37.8,39.3 1 0
projectBE23/mocks/ServiceProductInterface.go:41.2,41.15 1 0
projectBE23/mocks/ServiceProductInterface.go:45.71,48.19 2 0
projectBE23/mocks/ServiceProductInterface.go:48.19,49.48 1 0
projectBE23/mocks/ServiceProductInterface.go:52.2,53.55 2 0
projectBE23/mocks/ServiceProductInterface.go:53.55,55.3 1 0
projectBE23/mocks/ServiceProductInterface.go:55.8,57.3 1 0
projectBE23/mocks/ServiceProductInterface.go:59.2,59.11 1 0
projectBE23/mocks/ServiceProductInterface.go:63.129,66.19 2 0
projectBE23/mocks/ServiceProductInterface.go:66.19,67.55 1 0
projectBE23/mocks/ServiceProductInterface.go:70.2,72.90 3 0
projectBE23/mocks/ServiceProductInterface.go:72.90,74.3 1 0
projectBE23/mocks/ServiceProductInterface.go:75.2,75.81 1 0
projectBE23/mocks/ServiceProductInterface.go:75.81,77.3 1 0
projectBE23/mocks/ServiceProductInterface.go:77.8,78.24 1 0
projectBE23/mocks/ServiceProductInterface.go:78.24,80.4 1 0
projectBE23/mocks/ServiceProductInterface.go:83.2,83.61 1 0
projectBE23/mocks/ServiceProductInterface.go:83.61,85.3 1 0
projectBE23/mocks/ServiceProductInterface.go:85.8,87.3 1 0
projectBE23/mocks/ServiceProductInterface.go:89.2,89.15 1 0
projectBE23/mocks/ServiceProductInterface.go:93.87,96.19 2 0
projectBE23/mocks/ServiceProductInterface.go:96.19,97.49 1 0
projectBE23/mocks/ServiceProductInterface.go:100.2,102.77 3 0
projectBE23/mocks/ServiceProductInterface.go:102.77,104.3 1 0
projectBE23/mocks/ServiceProductInterface.go:105.2,105.68 1 0
projectBE23/mocks/ServiceProductInterface.go:105.68,107.3 1 0
projectBE23/mocks/ServiceProductInterface.go:107.8,108.24 1 0
projectBE23/mocks/ServiceProductInterface.go:108.24,110.4 1 0
projectBE23/mocks/ServiceProductInterface.go:113.2,113.49 1 0
projectBE23/mocks/ServiceProductInterface.go:113.49,115.3 1 0
projectBE23/mocks/ServiceProductInterface.go:115.8,117.3 1 0
projectBE23/mocks/ServiceProductInterface.go:119.2,119.15 1 0
projectBE23/mocks/ServiceProductInterface.go:123.124,126.19 2 0
projectBE23/mocks/ServiceProductInterface.go:126.19,127.57 1 0
projectBE23/mocks/ServiceProductInterface.go:130.2,132.88 3 0
projectBE23/mocks/ServiceProductInterface.go:132.88,134.3 1 0
projectBE23/mocks/ServiceProductInterface.go:135.2,135.79 1 0
projectBE23/mocks/ServiceProductInterface.go:135.79,137.3 1 0
projectBE23/mocks/ServiceProductInterface.go:137.8,138.24 1 0
projectBE23/mocks/ServiceProductInterface.go:138.24,140.4 1 0
projectBE23/mocks/ServiceProductInterface.go:143.2,143.59 1 0
projectBE23/mocks/ServiceProductInterface.go:143.59,145.3 1 0
projectBE23/mocks/ServiceProductInterface.go:145.8,147.3 1 0
projectBE23/mocks/ServiceProductInterface.go:149.2,149.15 1 0
projectBE23/mocks/ServiceProductInterface.go:153.104,156.19 2 0
projectBE23/mocks/ServiceProductInterface.go:156.19,157.48 1 0
projectBE23/mocks/ServiceProductInterface.go:160.2,161.80 2 0
projectBE23/mocks/ServiceProductInterface.go:161.80,163.3 1 0
projectBE23/mocks/ServiceProductInterface.go:163.8,165.3 1 0
projectBE23/mocks/ServiceProductInterface.go:167.2,167.11 1 0
projectBE23/mocks/ServiceProductInterface.go:175.29,179.19 3 0
projectBE23/mocks/ServiceProductInterface.go:179.19,179.49 1 0
projectBE23/mocks/ServiceProductInterface.go:181.2,181.13 1 0
projectBE23/mocks/ServiceUserInterface.go:17.66,20.19 2 0
projectBE23/mocks/ServiceUserInterface.go:20.19,21.55 1 0
projectBE23/mocks/ServiceUserInterface.go:24.2,25.49 2 0
projectBE23/mocks/ServiceUserInterface.go:25.49,27.3 1 0
projectBE23/mocks/ServiceUserInterface.go:27.8,29.3 1 0
projectBE23/mocks/ServiceUserInterface.go:31.2,31.11 1 0
projectBE23/mocks/ServiceUserInterface.go:35.78,38.19 2 0
projectBE23/mocks/ServiceUserInterface.go:38.19,39.52 1 0
projectBE23/mocks/ServiceUserInterface.go:42.2,44.64 3 0
projectBE23/mocks/ServiceUserInterface.go:44.64,46.3 1 0
projectBE23/mocks/ServiceUserInterface.go:47.2,47.55 1 0
projectBE23/mocks/ServiceUserInterface.go:47.55,49.3 1 0
projectBE23/mocks/ServiceUserInterface.go:49.8,50.24 1 0
projectBE23/mocks/ServiceUserInterface.go:50.24,52.4 1 0
projectBE23/mocks/ServiceUserInterface.go:55.2,55.49 1 0
projectBE23/mocks/ServiceUserInterface.go:55.49,57.3 1 0
projectBE23/mocks/ServiceUserInterface.go:57.8,59.3 1 0
projectBE23/mocks/ServiceUserInterface.go:61.2,61.15 1 0
projectBE23/mocks/ServiceUserInterface.go:65.106,68.19 2 0
projectBE23/mocks/ServiceUserInterface.go:68.19,69.54 1 0
projectBE23/mocks/ServiceUserInterface.go:72.2,75.82 4 0
projectBE23/mocks/ServiceUserInterface.go:75.82,77.3 1 0
projectBE23/mocks/ServiceUserInterface.go:78.2,78.65 1 0
projectBE23/mocks/ServiceUserInterface.go:78.65,80.3 1 0
projectBE23/mocks/ServiceUserInterface.go:80.8,81.24 1 0
projectBE23/mocks/ServiceUserInterface.go:81.24,83.4 1 0
projectBE23/mocks/ServiceUserInterface.go:86.2,86.60 1 0
projectBE23/mocks/ServiceUserInterface.go:86.60,88.3 1 0
projectBE23/mocks/ServiceUserInterface.go:88.8,90.3 1 0
projectBE23/mocks/ServiceUserInterface.go:92.2,92.59 1 0
projectBE23/mocks/ServiceUserInterface.go:92.59,94.3 1 0
projectBE23/mocks/ServiceUserInterface.go:94.8,96.3 1 0
projectBE23/mocks/ServiceUserInterface.go:98.2,98.19 1 0
projectBE23/mocks/ServiceUserInterface.go:102.67,105.19 2 0
projectBE23/mocks/ServiceUserInterface.go:105.19,106.55 1 0
projectBE23/mocks/ServiceUserInterface.go:109.2,110.51 2 0
projectBE23/mocks/ServiceUserInterface.go:110.51,112.3 1 0
projectBE23/mocks/ServiceUserInterface.go:112.8,114.3 1 0
projectBE23/mocks/ServiceUserInterface.go:116.2,116.11 1 0
projectBE23/mocks/ServiceUserInterface.go:120.86,123.19 2 0
projectBE23/mocks/ServiceUserInterface.go:123.19,124.59 1 0
projectBE23/mocks/ServiceUserInterface.go:127.2,129.63 3 0
projectBE23/mocks/ServiceUserInterface.go:129.63,131.3 1 0
projectBE23/mocks/ServiceUserInterface.go:132.2,132.54 1 0
projectBE23/mocks/ServiceUserInterface.go:132.54,134.3 1 0
projectBE23/mocks/ServiceUserInterface.go:134.8,136.3 1 0
projectBE23/mocks/ServiceUserInterface.go:138.2,138.55 1 0
projectBE23/mocks/ServiceUserInterface.go:138.55,140.3 1 0
projectBE23/mocks/ServiceUserInterface.go:140.8,142.3 1 0
projectBE23/mocks/ServiceUserInterface.go:144.2,144.15 1 0
projectBE23/mocks/ServiceUserInterface.go:148.87,151.19 2 0
projectBE23/mocks/ServiceUserInterface.go:151.19,152.55 1 0
projectBE23/mocks/ServiceUserInterface.go:155.2,156.61 2 0
projectBE23/mocks/ServiceUserInterface.go:156.61,158.3 1 0
projectBE23/mocks/ServiceUserInterface.go:158.8,160.3 1 0
projectBE23/mocks/ServiceUserInterface.go:162.2,162.11 1 0
projectBE23/mocks/ServiceUserInterface.go:170.26,174.19 3 0
projectBE23/mocks/ServiceUserInterface.go:174.19,174.49 1 0
projectBE23/mocks/ServiceUserInterface.go:176.2,176.13 1 0
projectBE23/app/config/config.go:23.27,29.20 6 0
projectBE23/app/config/config.go:29.20,32.3 1 0
projectBE23/app/config/config.go:33.2,38.13 6 0
projectBE23/app/config/config.go:41.30,43.2 1 0
projectBE23/app/middlewares/middleware.go:28.44,32.2 1 0
projectBE23/app/middlewares/middleware.go:34.59,38.2 1 0
projectBE23/app/middlewares/middleware.go:40.63,48.2 3 0
projectBE23/app/middlewares/middleware.go:50.62,53.27 3 0
projectBE23/app/middlewares/middleware.go:53.27,55.3 1 0
projectBE23/app/middlewares/middleware.go:56.2,57.76 2 0
projectBE23/app/middlewares/middleware.go:57.76,59.3 1 0
projectBE23/app/middlewares/middleware.go:61.2,61.35 1 0
projectBE23/app/middlewares/middleware.go:61.35,63.3 1 0
projectBE23/app/middlewares/middleware.go:65.2,67.20 3 0
projectBE23/app/middlewares/middleware.go:67.20,69.3 1 0
projectBE23/app/middlewares/middleware.go:70.2,70.20 1 0
projectBE23/app/middlewares/middleware.go:73.59,77.17 3 0
projectBE23/app/middlewares/middleware.go:77.17,79.3 1 0
projectBE23/app/middlewares/middleware.go:81.2,82.12 2 0
projectBE23/app/middlewares/middleware.go:85.61,91.2 4 0
projectBE23/internal/features/orders/service/logic_order.go:23.115,28.2 1 1
projectBE23/internal/features/orders/service/logic_order.go:30.133,33.16 3 1
projectBE23/internal/features/orders/service/logic_order.go:33.16,36.3 2 1
projectBE23/internal/features/orders/service/logic_order.go:37.2,37.28 1 1
projectBE23/internal/features/orders/service/logic_order.go:40.83,42.16 2 1
projectBE23/internal/features/orders/service/logic_order.go:42.16,45.3 2 1
projectBE23/internal/features/orders/service/logic_order.go:46.2,46.12 1 1
projectBE23/internal/features/orders/service/logic_order.go:49.83,51.16 2 1
projectBE23/internal/features/orders/service/logic_order.go:51.16,54.3 2 1
projectBE23/internal/features/orders/service/logic_order.go:55.2,55.20 1 1
projectBE23/internal/features/orders/service/logic_order.go:58.67,60.16 2 1
projectBE23/internal/features/orders/service/logic_order.go:60.16,63.3 2 1
projectBE23/internal/features/orders/service/logic_order.go:64.2,64.20 1 1
projectBE23/internal/features/orders/service/logic_order.go:67.126,73.16 6 0
projectBE23/internal/features/orders/service/logic_order.go:73.16,76.3 2 0
projectBE23/internal/features/orders/service/logic_order.go:78.2,78.43 1 0
projectBE23/internal/features/orders/service/logic_order.go:115.96,124.2 1 0
projectBE23/internal/features/orders/service/logic_order.go:126.87,134.2 1 0
projectBE23/internal/features/payments/handler/handler_payment.go:20.109,25.2 1 0
projectBE23/internal/features/payments/handler/handler_payment.go:26.107,30.16 3 0
projectBE23/internal/features/payments/handler/handler_payment.go:30.16,33.3 2 0
projectBE23/internal/features/payments/handler/handler_payment.go:34.2,34.41 1 0
projectBE23/internal/features/payments/handler/handler_payment.go:37.72,38.36 1 0
projectBE23/internal/features/payments/handler/handler_payment.go:38.36,41.17 3 0
projectBE23/internal/features/payments/handler/handler_payment.go:41.17,44.4 2 0
projectBE23/internal/features/payments/handler/handler_payment.go:45.3,46.17 2 0
projectBE23/internal/features/payments/handler/handler_payment.go:46.17,50.4 2 0
projectBE23/internal/features/payments/handler/handler_payment.go:51.3,51.85 1 0
projectBE23/internal/features/payments/handler/response_payment.go:31.50,36.2 4 0
projectBE23/internal/features/payments/handler/response_payment.go:38.50,43.2 3 0
projectBE23/internal/features/payments/handler/response_payment.go:45.74,74.2 8 0
projectBE23/internal/features/payments/handler/response_payment.go:76.64,83.2 2 0
projectBE23/internal/features/payments/repository/query.go:16.70,21.2 1 0
projectBE23/internal/features/payments/repository/query.go:23.96,34.16 8 0
projectBE23/internal/features/payments/repository/query.go:34.16,37.3 2 0
projectBE23/internal/features/payments/repository/query.go:39.2,41.16 3 0
projectBE23/internal/features/payments/repository/query.go:41.16,44.3 2 0
projectBE23/internal/features/payments/repository/query.go:45.2,45.12 1 0
projectBE23/internal/features/payments/service/logic_payment.go:12.90,16.2 1 0
projectBE23/internal/features/payments/service/logic_payment.go:18.95,20.16 2 0
projectBE23/internal/features/payments/service/logic_payment.go:20.16,23.3 2 0
projectBE23/internal/features/payments/service/logic_payment.go:24.2,24.12 1 0
projectBE23/internal/helper/helper.go:3.72,7.17 4 0
projectBE23/internal/helper/helper.go:7.17,9.3 1 0
projectBE23/internal/helper/helper.go:10.2,10.15 1 0
projectBE23/internal/helper/helper.go:13.92,18.17 5 0
projectBE23/internal/helper/helper.go:18.17,20.3 1 0
projectBE23/internal/helper/helper.go:21.2,21.15 1 0
projectBE23/mocks/AccountUtilityInterface.go:13.76,16.19 2 0
projectBE23/mocks/AccountUtilityInterface.go:16.19,17.56 1 0
projectBE23/mocks/AccountUtilityInterface.go:20.2,21.51 2 0
projectBE23/mocks/AccountUtilityInterface.go:21.51,23.3 1 0
projectBE23/mocks/AccountUtilityInterface.go:23.8,25.3 1 0
projectBE23/mocks/AccountUtilityInterface.go:27.2,27.11 1 0
projectBE23/mocks/AccountUtilityInterface.go:31.82,34.19 2 0
projectBE23/mocks/AccountUtilityInterface.go:34.19,35.59 1 0
projectBE23/mocks/AccountUtilityInterface.go:38.2,39.51 2 0
projectBE23/mocks/AccountUtilityInterface.go:39.51,41.3 1 0
projectBE23/mocks/AccountUtilityInterface.go:41.8,43.3 1 0
projectBE23/mocks/AccountUtilityInterface.go:45.2,45.11 1 0
projectBE23/mocks/AccountUtilityInterface.go:49.79,52.19 2 0
projectBE23/mocks/AccountUtilityInterface.go:52.19,53.62 1 0
projectBE23/mocks/AccountUtilityInterface.go:56.2,57.51 2 0
projectBE23/mocks/AccountUtilityInterface.go:57.51,59.3 1 0
projectBE23/mocks/AccountUtilityInterface.go:59.8,61.3 1 0
projectBE23/mocks/AccountUtilityInterface.go:63.2,63.11 1 0
projectBE23/mocks/AccountUtilityInterface.go:71.29,75.19 3 0
projectBE23/mocks/AccountUtilityInterface.go:75.19,75.49 1 0
projectBE23/mocks/AccountUtilityInterface.go:77.2,77.13 1 0
projectBE23/mocks/DataCarttInterface.go:17.53,20.19 2 0
projectBE23/mocks/DataCarttInterface.go:20.19,21.48 1 0
projectBE23/mocks/DataCarttInterface.go:24.2,25.49 2 0
projectBE23/mocks/DataCarttInterface.go:25.49,27.3 1 0
projectBE23/mocks/DataCarttInterface.go:27.8,29.3 1 0
projectBE23/mocks/DataCarttInterface.go:31.2,31.11 1 0
projectBE23/mocks/DataCarttInterface.go:35.68,38.19 2 0
projectBE23/mocks/DataCarttInterface.go:38.19,39.48 1 0
projectBE23/mocks/DataCarttInterface.go:42.2,44.67 3 0
projectBE23/mocks/DataCarttInterface.go:44.67,46.3 1 0
projectBE23/mocks/DataCarttInterface.go:47.2,47.58 1 0
projectBE23/mocks/DataCarttInterface.go:47.58,49.3 1 0
projectBE23/mocks/DataCarttInterface.go:49.8,50.24 1 0
projectBE23/mocks/DataCarttInterface.go:50.24,52.4 1 0
projectBE23/mocks/DataCarttInterface.go:55.2,55.45 1 0
projectBE23/mocks/DataCarttInterface.go:55.45,57.3 1 0
projectBE23/mocks/DataCarttInterface.go:57.8,59.3 1 0
projectBE23/mocks/DataCarttInterface.go:61.2,61.15 1 0
projectBE23/mocks/DataCarttInterface.go:65.74,68.19 2 0
projectBE23/mocks/DataCarttInterface.go:68.19,69.49 1 0
projectBE23/mocks/DataCarttInterface.go:72.2,74.69 3 0
projectBE23/mocks/DataCarttInterface.go:74.69,76.3 1 0
projectBE23/mocks/DataCarttInterface.go:77.2,77.60 1 0
projectBE23/mocks/DataCarttInterface.go:77.60,79.3 1 0
projectBE23/mocks/DataCarttInterface.go:79.8,81.3 1 0
projectBE23/mocks/DataCarttInterface.go:83.2,83.49 1 0
projectBE23/mocks/DataCarttInterface.go:83.49,85.3 1 0
projectBE23/mocks/DataCarttInterface.go:85.8,87.3 1 0
projectBE23/mocks/DataCarttInterface.go:89.2,89.15 1 0
projectBE23/mocks/DataCarttInterface.go:93.87,96.19 2 0
projectBE23/mocks/DataCarttInterface.go:96.19,97.48 1 0
projectBE23/mocks/DataCarttInterface.go:100.2,102.81 3 0
projectBE23/mocks/DataCarttInterface.go:102.81,104.3 1 0
projectBE23/mocks/DataCarttInterface.go:105.2,105.72 1 0
projectBE23/mocks/DataCarttInterface.go:105.72,107.3 1 0
projectBE23/mocks/DataCarttInterface.go:107.8,109.3 1 0
projectBE23/mocks/DataCarttInterface.go:111.2,111.61 1 0
projectBE23/mocks/DataCarttInterface.go:111.61,113.3 1 0
projectBE23/mocks/DataCarttInterface.go:113.8,115.3 1 0
projectBE23/mocks/DataCarttInterface.go:117.2,117.15 1 0
projectBE23/mocks/DataCarttInterface.go:121.76,124.19 2 0
projectBE23/mocks/DataCarttInterface.go:124.19,125.48 1 0
projectBE23/mocks/DataCarttInterface.go:128.2,129.67 2 0
projectBE23/mocks/DataCarttInterface.go:129.67,131.3 1 0
projectBE23/mocks/DataCarttInterface.go:131.8,133.3 1 0
projectBE23/mocks/DataCarttInterface.go:135.2,135.11 1 0
projectBE23/mocks/DataCarttInterface.go:143.24,147.19 3 0
projectBE23/mocks/DataCarttInterface.go:147.19,147.49 1 0
projectBE23/mocks/DataCarttInterface.go:149.2,149.13 1 0
projectBE23/mocks/DataProductInterface.go:17.74,20.19 2 0
projectBE23/mocks/DataProductInterface.go:20.19,21.57 1 0
projectBE23/mocks/DataProductInterface.go:24.2,25.55 2 0
projectBE23/mocks/DataProductInterface.go:25.55,27.3 1 0
projectBE23/mocks/DataProductInterface.go:27.8,29.3 1 0
projectBE23/mocks/DataProductInterface.go:31.2,31.11 1 0
projectBE23/mocks/DataProductInterface.go:35.55,38.19 2 0
projectBE23/mocks/DataProductInterface.go:38.19,39.48 1 0
projectBE23/mocks/DataProductInterface.go:42.2,43.49 2 0
projectBE23/mocks/DataProductInterface.go:43.49,45.3 1 0
projectBE23/mocks/DataProductInterface.go:45.8,47.3 1 0
projectBE23/mocks/DataProductInterface.go:49.2,49.11 1 0
projectBE23/mocks/DataProductInterface.go:53.99,56.19 2 0
projectBE23/mocks/DataProductInterface.go:56.19,57.48 1 0
projectBE23/mocks/DataProductInterface.go:60.2,62.82 3 0
projectBE23/mocks/DataProductInterface.go:62.82,64.3 1 0
projectBE23/mocks/DataProductInterface.go:65.2,65.73 1 0
projectBE23/mocks/DataProductInterface.go:65.73,67.3 1 0
projectBE23/mocks/DataProductInterface.go:67.8,68.24 1 0
projectBE23/mocks/DataProductInterface.go:68.24,70.4 1 0
projectBE23/mocks/DataProductInterface.go:73.2,73.53 1 0
projectBE23/mocks/DataProductInterface.go:73.53,75.3 1 0
projectBE23/mocks/DataProductInterface.go:75.8,77.3 1 0
projectBE23/mocks/DataProductInterface.go:79.2,79.15 1 0
projectBE23/mocks/DataProductInterface.go:83.91,86.19 2 0
projectBE23/mocks/DataProductInterface.go:86.19,87.56 1 0
projectBE23/mocks/DataProductInterface.go:90.2,92.77 3 0
projectBE23/mocks/DataProductInterface.go:92.77,94.3 1 0
projectBE23/mocks/DataProductInterface.go:95.2,95.68 1 0
projectBE23/mocks/DataProductInterface.go:95.68,97.3 1 0
projectBE23/mocks/DataProductInterface.go:97.8,98.24 1 0
projectBE23/mocks/DataProductInterface.go:98.24,100.4 1 0
projectBE23/mocks/DataProductInterface.go:103.2,103.49 1 0
projectBE23/mocks/DataProductInterface.go:103.49,105.3 1 0
projectBE23/mocks/DataProductInterface.go:105.8,107.3 1 0
projectBE23/mocks/DataProductInterface.go:109.2,109.15 1 0
projectBE23/mocks/DataProductInterface.go:113.105,116.19 2 0
projectBE23/mocks/DataProductInterface.go:116.19,117.58 1 0
projectBE23/mocks/DataProductInterface.go:120.2,122.80 3 0
projectBE23/mocks/DataProductInterface.go:122.80,124.3 1 0
projectBE23/mocks/DataProductInterface.go:125.2,125.71 1 0
projectBE23/mocks/DataProductInterface.go:125.71,127.3 1 0
projectBE23/mocks/DataProductInterface.go:127.8,128.24 1 0
projectBE23/mocks/DataProductInterface.go:128.24,130.4 1 0
projectBE23/mocks/DataProductInterface.go:133.2,133.51 1 0
projectBE23/mocks/DataProductInterface.go:133.51,135.3 1 0
projectBE23/mocks/DataProductInterface.go:135.8,137.3 1 0
projectBE23/mocks/DataProductInterface.go:139.2,139.15 1 0
projectBE23/mocks/DataProductInterface.go:143.121,146.19 2 0
projectBE23/mocks/DataProductInterface.go:146.19,147.57 1 0
projectBE23/mocks/DataProductInterface.go:150.2,152.88 3 0
projectBE23/mocks/DataProductInterface.go:152.88,154.3 1 0
projectBE23/mocks/DataProductInterface.go:155.2,155.79 1 0
projectBE23/mocks/DataProductInterface.go:155.79,157.3 1 0
projectBE23/mocks/DataProductInterface.go:157.8,158.24 1 0
projectBE23/mocks/DataProductInterface.go:158.24,160.4 1 0
projectBE23/mocks/DataProductInterface.go:163.2,163.59 1 0
projectBE23/mocks/DataProductInterface.go:163.59,165.3 1 0
projectBE23/mocks/DataProductInterface.go:165.8,167.3 1 0
projectBE23/mocks/DataProductInterface.go:169.2,169.15 1 0
projectBE23/mocks/DataProductInterface.go:173.87,176.19 2 0
projectBE23/mocks/DataProductInterface.go:176.19,177.48 1 0
projectBE23/mocks/DataProductInterface.go:180.2,182.76 3 0
projectBE23/mocks/DataProductInterface.go:182.76,184.3 1 0
projectBE23/mocks/DataProductInterface.go:185.2,185.67 1 0
projectBE23/mocks/DataProductInterface.go:185.67,187.3 1 0
projectBE23/mocks/DataProductInterface.go:187.8,189.3 1 0
projectBE23/mocks/DataProductInterface.go:191.2,191.68 1 0
projectBE23/mocks/DataProductInterface.go:191.68,193.3 1 0
projectBE23/mocks/DataProductInterface.go:193.8,195.3 1 0
projectBE23/mocks/DataProductInterface.go:197.2,197.15 1 0
projectBE23/mocks/DataProductInterface.go:201.87,204.19 2 0
projectBE23/mocks/DataProductInterface.go:204.19,205.52 1 0
projectBE23/mocks/DataProductInterface.go:208.2,210.77 3 0
projectBE23/mocks/DataProductInterface.go:210.77,212.3 1 0
projectBE23/mocks/DataProductInterface.go:213.2,213.68 1 0
projectBE23/mocks/DataProductInterface.go:213.68,215.3 1 0
projectBE23/mocks/DataProductInterface.go:215.8,216.24 1 0
projectBE23/mocks/DataProductInterface.go:216.24,218.4 1 0
projectBE23/mocks/DataProductInterface.go:221.2,221.49 1 0
projectBE23/mocks/DataProductInterface.go:221.49,223.3 1 0
projectBE23/mocks/DataProductInterface.go:223.8,225.3 1 0
projectBE23/mocks/DataProductInterface.go:227.2,227.15 1 0
projectBE23/mocks/DataProductInterface.go:231.88,234.19 2 0
projectBE23/mocks/DataProductInterface.go:234.19,235.48 1 0
projectBE23/mocks/DataProductInterface.go:238.2,239.74 2 0
projectBE23/mocks/DataProductInterface.go:239.74,241.3 1 0
projectBE23/mocks/DataProductInterface.go:241.8,243.3 1 0
projectBE23/mocks/DataProductInterface.go:245.2,245.11 1 0
projectBE23/mocks/DataProductInterface.go:253.26,257.19 3 0
projectBE23/mocks/DataProductInterface.go:257.19,257.49 1 0
projectBE23/mocks/DataProductInterface.go:259.2,259.13 1 0
projectBE23/mocks/DataUserInterface.go:17.80,20.19 2 0
projectBE23/mocks/DataUserInterface.go:20.19,21.56 1 0
projectBE23/mocks/DataUserInterface.go:24.2,26.66 3 0
projectBE23/mocks/DataUserInterface.go:26.66,28.3 1 0
projectBE23/mocks/DataUserInterface.go:29.2,29.57 1 0
projectBE23/mocks/DataUserInterface.go:29.57,31.3 1 0
projectBE23/mocks/DataUserInterface.go:31.8,32.24 1 0
projectBE23/mocks/DataUserInterface.go:32.24,34.4 1 0
projectBE23/mocks/DataUserInterface.go:37.2,37.51 1 0
projectBE23/mocks/DataUserInterface.go:37.51,39.3 1 0
projectBE23/mocks/DataUserInterface.go:39.8,41.3 1 0
projectBE23/mocks/DataUserInterface.go:43.2,43.15 1 0
projectBE23/mocks/DataUserInterface.go:47.76,50.19 2 0
projectBE23/mocks/DataUserInterface.go:50.19,51.53 1 0
projectBE23/mocks/DataUserInterface.go:54.2,56.64 3 0
[...]
projectBE23/mocks/HashInterface.go:38.2,40.61 3 1
projectBE23/mocks/HashInterface.go:40.61,42.3 1 0
projectBE23/mocks/HashInterface.go:43.2,43.52 1 1
projectBE23/mocks/HashInterface.go:43.52,45.3 1 0
projectBE23/mocks/HashInterface.go:45.8,47.3 1 1
projectBE23/mocks/HashInterface.go:49.2,49.51 1 1
projectBE23/mocks/HashInterface.go:49.51,51.3 1 0
projectBE23/mocks/HashInterface.go:51.8,53.3 1 1
projectBE23/mocks/HashInterface.go:55.2,55.15 1 1
projectBE23/mocks/HashInterface.go:63.19,67.19 3 0
projectBE23/mocks/HashInterface.go:67.19,67.49 1 0
projectBE23/mocks/HashInterface.go:69.2,69.13 1 0
projectBE23/mocks/MiddlewaresInterface.go:17.73,20.19 2 1
projectBE23/mocks/MiddlewaresInterface.go:20.19,21.53 1 0
projectBE23/mocks/MiddlewaresInterface.go:24.2,26.58 3 1
projectBE23/mocks/MiddlewaresInterface.go:26.58,28.3 1 0
projectBE23/mocks/MiddlewaresInterface.go:29.2,29.49 1 1
projectBE23/mocks/MiddlewaresInterface.go:29.49,31.3 1 0
projectBE23/mocks/MiddlewaresInterface.go:31.8,33.3 1 1
projectBE23/mocks/MiddlewaresInterface.go:35.2,35.48 1 1
projectBE23/mocks/MiddlewaresInterface.go:35.48,37.3 1 0
projectBE23/mocks/MiddlewaresInterface.go:37.8,39.3 1 1
projectBE23/mocks/MiddlewaresInterface.go:41.2,41.15 1 1
projectBE23/mocks/MiddlewaresInterface.go:45.72,48.19 2 0
projectBE23/mocks/MiddlewaresInterface.go:48.19,49.60 1 0
projectBE23/mocks/MiddlewaresInterface.go:52.2,53.55 2 0
projectBE23/mocks/MiddlewaresInterface.go:53.55,55.3 1 0
projectBE23/mocks/MiddlewaresInterface.go:55.8,57.3 1 0
projectBE23/mocks/MiddlewaresInterface.go:59.2,59.11 1 0
projectBE23/mocks/MiddlewaresInterface.go:63.69,66.19 2 1
projectBE23/mocks/MiddlewaresInterface.go:66.19,67.57 1 0
projectBE23/mocks/MiddlewaresInterface.go:70.2,71.51 2 1
projectBE23/mocks/MiddlewaresInterface.go:71.51,73.3 1 0
projectBE23/mocks/MiddlewaresInterface.go:73.8,75.3 1 1
projectBE23/mocks/MiddlewaresInterface.go:77.2,77.11 1 1
projectBE23/mocks/MiddlewaresInterface.go:81.71,84.19 2 0
projectBE23/mocks/MiddlewaresInterface.go:84.19,85.60 1 0
projectBE23/mocks/MiddlewaresInterface.go:88.2,89.50 2 0
projectBE23/mocks/MiddlewaresInterface.go:89.50,91.3 1 0
projectBE23/mocks/MiddlewaresInterface.go:91.8,93.3 1 0
projectBE23/mocks/MiddlewaresInterface.go:95.2,95.11 1 0
projectBE23/mocks/MiddlewaresInterface.go:99.69,102.19 2 0
projectBE23/mocks/MiddlewaresInterface.go:102.19,103.55 1 0
projectBE23/mocks/MiddlewaresInterface.go:106.2,107.59 2 0
projectBE23/mocks/MiddlewaresInterface.go:107.59,109.3 1 0
projectBE23/mocks/MiddlewaresInterface.go:109.8,110.24 1 0
projectBE23/mocks/MiddlewaresInterface.go:110.24,112.4 1 0
projectBE23/mocks/MiddlewaresInterface.go:115.2,115.11 1 0
projectBE23/mocks/MiddlewaresInterface.go:123.26,127.19 3 0
projectBE23/mocks/MiddlewaresInterface.go:127.19,127.49 1 0
projectBE23/mocks/MiddlewaresInterface.go:129.2,129.13 1 0
projectBE23/mocks/QueryOrderInterface.go:17.144,20.19 2 0
projectBE23/mocks/QueryOrderInterface.go:20.19,21.55 1 0
projectBE23/mocks/QueryOrderInterface.go:24.2,27.105 4 0
projectBE23/mocks/QueryOrderInterface.go:27.105,29.3 1 0
projectBE23/mocks/QueryOrderInterface.go:30.2,30.90 1 0
projectBE23/mocks/QueryOrderInterface.go:30.90,32.3 1 0
projectBE23/mocks/QueryOrderInterface.go:32.8,34.3 1 0
projectBE23/mocks/QueryOrderInterface.go:36.2,36.90 1 0
projectBE23/mocks/QueryOrderInterface.go:36.90,38.3 1 0
projectBE23/mocks/QueryOrderInterface.go:38.8,40.3 1 0
projectBE23/mocks/QueryOrderInterface.go:42.2,42.91 1 0
projectBE23/mocks/QueryOrderInterface.go:42.91,44.3 1 0
projectBE23/mocks/QueryOrderInterface.go:44.8,46.3 1 0
projectBE23/mocks/QueryOrderInterface.go:48.2,48.19 1 0
projectBE23/mocks/QueryOrderInterface.go:52.90,55.19 2 0
projectBE23/mocks/QueryOrderInterface.go:55.19,56.58 1 0
projectBE23/mocks/QueryOrderInterface.go:59.2,60.68 2 0
projectBE23/mocks/QueryOrderInterface.go:60.68,62.3 1 0
projectBE23/mocks/QueryOrderInterface.go:62.8,64.3 1 0
projectBE23/mocks/QueryOrderInterface.go:66.2,66.11 1 0
projectBE23/mocks/QueryOrderInterface.go:70.74,73.19 2 0
projectBE23/mocks/QueryOrderInterface.go:73.19,74.60 1 0
projectBE23/mocks/QueryOrderInterface.go:77.2,79.57 3 0
projectBE23/mocks/QueryOrderInterface.go:79.57,81.3 1 0
projectBE23/mocks/QueryOrderInterface.go:82.2,82.48 1 0
projectBE23/mocks/QueryOrderInterface.go:82.48,84.3 1 0
projectBE23/mocks/QueryOrderInterface.go:84.8,86.3 1 0
projectBE23/mocks/QueryOrderInterface.go:88.2,88.49 1 0
projectBE23/mocks/QueryOrderInterface.go:88.49,90.3 1 0
projectBE23/mocks/QueryOrderInterface.go:90.8,92.3 1 0
projectBE23/mocks/QueryOrderInterface.go:94.2,94.15 1 0
projectBE23/mocks/QueryOrderInterface.go:98.90,101.19 2 0
projectBE23/mocks/QueryOrderInterface.go:101.19,102.51 1 0
projectBE23/mocks/QueryOrderInterface.go:105.2,107.78 3 0
projectBE23/mocks/QueryOrderInterface.go:107.78,109.3 1 0
projectBE23/mocks/QueryOrderInterface.go:110.2,110.69 1 0
projectBE23/mocks/QueryOrderInterface.go:110.69,112.3 1 0
projectBE23/mocks/QueryOrderInterface.go:112.8,113.24 1 0
projectBE23/mocks/QueryOrderInterface.go:113.24,115.4 1 0
projectBE23/mocks/QueryOrderInterface.go:118.2,118.49 1 0
projectBE23/mocks/QueryOrderInterface.go:118.49,120.3 1 0
projectBE23/mocks/QueryOrderInterface.go:120.8,122.3 1 0
projectBE23/mocks/QueryOrderInterface.go:124.2,124.15 1 0
projectBE23/mocks/QueryOrderInterface.go:132.25,136.19 3 0
projectBE23/mocks/QueryOrderInterface.go:136.19,136.49 1 0
projectBE23/mocks/QueryOrderInterface.go:138.2,138.13 1 0
projectBE23/mocks/QueryPaymentInterface.go:17.106,20.19 2 0
projectBE23/mocks/QueryPaymentInterface.go:20.19,21.59 1 0
projectBE23/mocks/QueryPaymentInterface.go:24.2,25.74 2 0
projectBE23/mocks/QueryPaymentInterface.go:25.74,27.3 1 0
projectBE23/mocks/QueryPaymentInterface.go:27.8,29.3 1 0
projectBE23/mocks/QueryPaymentInterface.go:31.2,31.11 1 0
projectBE23/mocks/QueryPaymentInterface.go:39.27,43.19 3 0
projectBE23/mocks/QueryPaymentInterface.go:43.19,43.49 1 0
projectBE23/mocks/QueryPaymentInterface.go:45.2,45.13 1 0
projectBE23/mocks/ServiceCartInterface.go:17.89,20.19 2 0
projectBE23/mocks/ServiceCartInterface.go:20.19,21.48 1 0
projectBE23/mocks/ServiceCartInterface.go:24.2,26.81 3 0
projectBE23/mocks/ServiceCartInterface.go:26.81,28.3 1 0
projectBE23/mocks/ServiceCartInterface.go:29.2,29.72 1 0
projectBE23/mocks/ServiceCartInterface.go:29.72,31.3 1 0
projectBE23/mocks/ServiceCartInterface.go:31.8,33.3 1 0
projectBE23/mocks/ServiceCartInterface.go:35.2,35.61 1 0
projectBE23/mocks/ServiceCartInterface.go:35.61,37.3 1 0
projectBE23/mocks/ServiceCartInterface.go:37.8,39.3 1 0
projectBE23/mocks/ServiceCartInterface.go:41.2,41.15 1 0
projectBE23/mocks/ServiceCartInterface.go:45.55,48.19 2 0
projectBE23/mocks/ServiceCartInterface.go:48.19,49.48 1 0
projectBE23/mocks/ServiceCartInterface.go:52.2,53.49 2 0
projectBE23/mocks/ServiceCartInterface.go:53.49,55.3 1 0
projectBE23/mocks/ServiceCartInterface.go:55.8,57.3 1 0
projectBE23/mocks/ServiceCartInterface.go:59.2,59.11 1 0
projectBE23/mocks/ServiceCartInterface.go:63.77,66.19 2 0
projectBE23/mocks/ServiceCartInterface.go:66.19,67.50 1 0
projectBE23/mocks/ServiceCartInterface.go:70.2,72.69 3 0
projectBE23/mocks/ServiceCartInterface.go:72.69,74.3 1 0
projectBE23/mocks/ServiceCartInterface.go:75.2,75.60 1 0
projectBE23/mocks/ServiceCartInterface.go:75.60,77.3 1 0
projectBE23/mocks/ServiceCartInterface.go:77.8,79.3 1 0
projectBE23/mocks/ServiceCartInterface.go:81.2,81.49 1 0
projectBE23/mocks/ServiceCartInterface.go:81.49,83.3 1 0
projectBE23/mocks/ServiceCartInterface.go:83.8,85.3 1 0
projectBE23/mocks/ServiceCartInterface.go:87.2,87.15 1 0
projectBE23/mocks/ServiceCartInterface.go:91.74,94.19 2 0
projectBE23/mocks/ServiceCartInterface.go:94.19,95.52 1 0
projectBE23/mocks/ServiceCartInterface.go:98.2,100.67 3 0
projectBE23/mocks/ServiceCartInterface.go:100.67,102.3 1 0
projectBE23/mocks/ServiceCartInterface.go:103.2,103.58 1 0
projectBE23/mocks/ServiceCartInterface.go:103.58,105.3 1 0
projectBE23/mocks/ServiceCartInterface.go:105.8,106.24 1 0
projectBE23/mocks/ServiceCartInterface.go:106.24,108.4 1 0
projectBE23/mocks/ServiceCartInterface.go:111.2,111.45 1 0
projectBE23/mocks/ServiceCartInterface.go:111.45,113.3 1 0
projectBE23/mocks/ServiceCartInterface.go:113.8,115.3 1 0
projectBE23/mocks/ServiceCartInterface.go:117.2,117.15 1 0
projectBE23/mocks/ServiceCartInterface.go:121.78,124.19 2 0
projectBE23/mocks/ServiceCartInterface.go:124.19,125.48 1 0
projectBE23/mocks/ServiceCartInterface.go:128.2,129.67 2 0
projectBE23/mocks/ServiceCartInterface.go:129.67,131.3 1 0
projectBE23/mocks/ServiceCartInterface.go:131.8,133.3 1 0
projectBE23/mocks/ServiceCartInterface.go:135.2,135.11 1 0
projectBE23/mocks/ServiceCartInterface.go:143.26,147.19 3 0
projectBE23/mocks/ServiceCartInterface.go:147.19,147.49 1 0
projectBE23/mocks/ServiceCartInterface.go:149.2,149.13 1 0
projectBE23/mocks/ServiceOrderInterface.go:17.146,20.19 2 0
projectBE23/mocks/ServiceOrderInterface.go:20.19,21.55 1 0
projectBE23/mocks/ServiceOrderInterface.go:24.2,27.105 4 0
projectBE23/mocks/ServiceOrderInterface.go:27.105,29.3 1 0
projectBE23/mocks/ServiceOrderInterface.go:30.2,30.90 1 0
projectBE23/mocks/ServiceOrderInterface.go:30.90,32.3 1 0
projectBE23/mocks/ServiceOrderInterface.go:32.8,34.3 1 0
projectBE23/mocks/ServiceOrderInterface.go:36.2,36.90 1 0
projectBE23/mocks/ServiceOrderInterface.go:36.90,38.3 1 0
projectBE23/mocks/ServiceOrderInterface.go:38.8,40.3 1 0
projectBE23/mocks/ServiceOrderInterface.go:42.2,42.91 1 0
projectBE23/mocks/ServiceOrderInterface.go:42.91,44.3 1 0
projectBE23/mocks/ServiceOrderInterface.go:44.8,46.3 1 0
projectBE23/mocks/ServiceOrderInterface.go:48.2,48.19 1 0
projectBE23/mocks/ServiceOrderInterface.go:52.92,55.19 2 0
projectBE23/mocks/ServiceOrderInterface.go:55.19,56.58 1 0
projectBE23/mocks/ServiceOrderInterface.go:59.2,60.68 2 0
projectBE23/mocks/ServiceOrderInterface.go:60.68,62.3 1 0
projectBE23/mocks/ServiceOrderInterface.go:62.8,64.3 1 0
projectBE23/mocks/ServiceOrderInterface.go:66.2,66.11 1 0
projectBE23/mocks/ServiceOrderInterface.go:70.76,73.19 2 0
projectBE23/mocks/ServiceOrderInterface.go:73.19,74.60 1 0
projectBE23/mocks/ServiceOrderInterface.go:77.2,79.57 3 0
projectBE23/mocks/ServiceOrderInterface.go:79.57,81.3 1 0
projectBE23/mocks/ServiceOrderInterface.go:82.2,82.48 1 0
projectBE23/mocks/ServiceOrderInterface.go:82.48,84.3 1 0
projectBE23/mocks/ServiceOrderInterface.go:84.8,86.3 1 0
projectBE23/mocks/ServiceOrderInterface.go:88.2,88.49 1 0
projectBE23/mocks/ServiceOrderInterface.go:88.49,90.3 1 0
projectBE23/mocks/ServiceOrderInterface.go:90.8,92.3 1 0
projectBE23/mocks/ServiceOrderInterface.go:94.2,94.15 1 0
projectBE23/mocks/ServiceOrderInterface.go:98.92,101.19 2 0
projectBE23/mocks/ServiceOrderInterface.go:101.19,102.51 1 0
projectBE23/mocks/ServiceOrderInterface.go:105.2,107.78 3 0
projectBE23/mocks/ServiceOrderInterface.go:107.78,109.3 1 0
projectBE23/mocks/ServiceOrderInterface.go:110.2,110.69 1 0
projectBE23/mocks/ServiceOrderInterface.go:110.69,112.3 1 0
projectBE23/mocks/ServiceOrderInterface.go:112.8,113.24 1 0
projectBE23/mocks/ServiceOrderInterface.go:113.24,115.4 1 0
projectBE23/mocks/ServiceOrderInterface.go:118.2,118.49 1 0
projectBE23/mocks/ServiceOrderInterface.go:118.49,120.3 1 0
projectBE23/mocks/ServiceOrderInterface.go:120.8,122.3 1 0
projectBE23/mocks/ServiceOrderInterface.go:124.2,124.15 1 0
projectBE23/mocks/ServiceOrderInterface.go:128.139,131.19 2 0
projectBE23/mocks/ServiceOrderInterface.go:131.19,132.61 1 0
projectBE23/mocks/ServiceOrderInterface.go:135.2,137.105 3 0
projectBE23/mocks/ServiceOrderInterface.go:137.105,139.3 1 0
projectBE23/mocks/ServiceOrderInterface.go:140.2,140.96 1 0
projectBE23/mocks/ServiceOrderInterface.go:140.96,142.3 1 0
projectBE23/mocks/ServiceOrderInterface.go:142.8,144.3 1 0
projectBE23/mocks/ServiceOrderInterface.go:146.2,146.77 1 0
projectBE23/mocks/ServiceOrderInterface.go:146.77,148.3 1 0
projectBE23/mocks/ServiceOrderInterface.go:148.8,150.3 1 0
projectBE23/mocks/ServiceOrderInterface.go:152.2,152.15 1 0
projectBE23/mocks/ServiceOrderInterface.go:160.27,164.19 3 0
projectBE23/mocks/ServiceOrderInterface.go:164.19,164.49 1 0
projectBE23/mocks/ServiceOrderInterface.go:166.2,166.13 1 0
projectBE23/mocks/ServicePaymentIinterface.go:17.106,20.19 2 0
projectBE23/mocks/ServicePaymentIinterface.go:20.19,21.61 1 0
projectBE23/mocks/ServicePaymentIinterface.go:24.2,25.74 2 0
projectBE23/mocks/ServicePaymentIinterface.go:25.74,27.3 1 0
projectBE23/mocks/ServicePaymentIinterface.go:27.8,29.3 1 0
projectBE23/mocks/ServicePaymentIinterface.go:31.2,31.11 1 0
projectBE23/mocks/ServicePaymentIinterface.go:39.30,43.19 3 0
projectBE23/mocks/ServicePaymentIinterface.go:43.19,43.49 1 0
projectBE23/mocks/ServicePaymentIinterface.go:45.2,45.13 1 0
projectBE23/mocks/ServiceProductInterface.go:17.90,20.19 2 0
projectBE23/mocks/ServiceProductInterface.go:20.19,21.48 1 0
projectBE23/mocks/ServiceProductInterface.go:24.2,26.76 3 0
projectBE23/mocks/ServiceProductInterface.go:26.76,28.3 1 0
projectBE23/mocks/ServiceProductInterface.go:29.2,29.67 1 0
projectBE23/mocks/ServiceProductInterface.go:29.67,31.3 1 0
projectBE23/mocks/ServiceProductInterface.go:31.8,33.3 1 0
projectBE23/mocks/ServiceProductInterface.go:35.2,35.68 1 0
projectBE23/mocks/ServiceProductInterface.go:35.68,37.3 1 0
projectBE23/mocks/ServiceProductInterface.go:37.8,39.3 1 0
projectBE23/mocks/ServiceProductInterface.go:41.2,41.15 1 0
projectBE23/mocks/ServiceProductInterface.go:45.71,48.19 2 0
projectBE23/mocks/ServiceProductInterface.go:48.19,49.48 1 0
projectBE23/mocks/ServiceProductInterface.go:52.2,53.55 2 0
projectBE23/mocks/ServiceProductInterface.go:53.55,55.3 1 0
projectBE23/mocks/ServiceProductInterface.go:55.8,57.3 1 0
projectBE23/mocks/ServiceProductInterface.go:59.2,59.11 1 0
projectBE23/mocks/ServiceProductInterface.go:63.129,66.19 2 0
projectBE23/mocks/ServiceProductInterface.go:66.19,67.55 1 0
projectBE23/mocks/ServiceProductInterface.go:70.2,72.90 3 0
projectBE23/mocks/ServiceProductInterface.go:72.90,74.3 1 0
projectBE23/mocks/ServiceProductInterface.go:75.2,75.81 1 0
projectBE23/mocks/ServiceProductInterface.go:75.81,77.3 1 0
projectBE23/mocks/ServiceProductInterface.go:77.8,78.24 1 0
projectBE23/mocks/ServiceProductInterface.go:78.24,80.4 1 0
projectBE23/mocks/ServiceProductInterface.go:83.2,83.61 1 0
projectBE23/mocks/ServiceProductInterface.go:83.61,85.3 1 0
projectBE23/mocks/ServiceProductInterface.go:85.8,87.3 1 0
projectBE23/mocks/ServiceProductInterface.go:89.2,89.15 1 0
projectBE23/mocks/ServiceProductInterface.go:93.87,96.19 2 0
projectBE23/mocks/ServiceProductInterface.go:96.19,97.49 1 0
projectBE23/mocks/ServiceProductInterface.go:100.2,102.77 3 0
projectBE23/mocks/ServiceProductInterface.go:102.77,104.3 1 0
projectBE23/mocks/ServiceProductInterface.go:105.2,105.68 1 0
projectBE23/mocks/ServiceProductInterface.go:105.68,107.3 1 0
projectBE23/mocks/ServiceProductInterface.go:107.8,108.24 1 0
projectBE23/mocks/ServiceProductInterface.go:108.24,110.4 1 0
projectBE23/mocks/ServiceProductInterface.go:113.2,113.49 1 0
projectBE23/mocks/ServiceProductInterface.go:113.49,115.3 1 0
projectBE23/mocks/ServiceProductInterface.go:115.8,117.3 1 0
projectBE23/mocks/ServiceProductInterface.go:119.2,119.15 1 0
projectBE23/mocks/ServiceProductInterface.go:123.124,126.19 2 0
projectBE23/mocks/ServiceProductInterface.go:126.19,127.57 1 0
projectBE23/mocks/ServiceProductInterface.go:130.2,132.88 3 0
projectBE23/mocks/ServiceProductInterface.go:132.88,134.3 1 0
projectBE23/mocks/ServiceProductInterface.go:135.2,135.79 1 0
projectBE23/mocks/ServiceProductInterface.go:135.79,137.3 1 0
projectBE23/mocks/ServiceProductInterface.go:137.8,138.24 1 0
projectBE23/mocks/ServiceProductInterface.go:138.24,140.4 1 0
projectBE23/mocks/ServiceProductInterface.go:143.2,143.59 1 0
projectBE23/mocks/ServiceProductInterface.go:143.59,145.3 1 0
projectBE23/mocks/ServiceProductInterface.go:145.8,147.3 1 0
projectBE23/mocks/ServiceProductInterface.go:149.2,149.15 1 0
projectBE23/mocks/ServiceProductInterface.go:153.104,156.19 2 0
projectBE23/mocks/ServiceProductInterface.go:156.19,157.48 1 0
projectBE23/mocks/ServiceProductInterface.go:160.2,161.80 2 0
projectBE23/mocks/ServiceProductInterface.go:161.80,163.3 1 0
projectBE23/mocks/ServiceProductInterface.go:163.8,165.3 1 0
projectBE23/mocks/ServiceProductInterface.go:167.2,167.11 1 0
projectBE23/mocks/ServiceProductInterface.go:175.29,179.19 3 0
projectBE23/mocks/ServiceProductInterface.go:179.19,179.49 1 0
projectBE23/mocks/ServiceProductInterface.go:181.2,181.13 1 0
projectBE23/mocks/ServiceUserInterface.go:17.66,20.19 2 0
projectBE23/mocks/ServiceUserInterface.go:20.19,21.55 1 0
projectBE23/mocks/ServiceUserInterface.go:24.2,25.49 2 0
projectBE23/mocks/ServiceUserInterface.go:25.49,27.3 1 0
projectBE23/mocks/ServiceUserInterface.go:27.8,29.3 1 0
projectBE23/mocks/ServiceUserInterface.go:31.2,31.11 1 0
projectBE23/mocks/ServiceUserInterface.go:35.78,38.19 2 0
projectBE23/mocks/ServiceUserInterface.go:38.19,39.52 1 0
projectBE23/mocks/ServiceUserInterface.go:42.2,44.64 3 0
projectBE23/mocks/ServiceUserInterface.go:44.64,46.3 1 0
projectBE23/mocks/ServiceUserInterface.go:47.2,47.55 1 0
projectBE23/mocks/ServiceUserInterface.go:47.55,49.3 1 0
projectBE23/mocks/ServiceUserInterface.go:49.8,50.24 1 0
projectBE23/mocks/ServiceUserInterface.go:50.24,52.4 1 0
projectBE23/mocks/ServiceUserInterface.go:55.2,55.49 1 0
projectBE23/mocks/ServiceUserInterface.go:55.49,57.3 1 0
projectBE23/mocks/ServiceUserInterface.go:57.8,59.3 1 0
projectBE23/mocks/ServiceUserInterface.go:61.2,61.15 1 0
projectBE23/mocks/ServiceUserInterface.go:65.106,68.19 2 0
projectBE23/mocks/ServiceUserInterface.go:68.19,69.54 1 0
projectBE23/mocks/ServiceUserInterface.go:72.2,75.82 4 0
projectBE23/mocks/ServiceUserInterface.go:75.82,77.3 1 0
projectBE23/mocks/ServiceUserInterface.go:78.2,78.65 1 0
projectBE23/mocks/ServiceUserInterface.go:78.65,80.3 1 0
projectBE23/mocks/ServiceUserInterface.go:80.8,81.24 1 0
projectBE23/mocks/ServiceUserInterface.go:81.24,83.4 1 0
projectBE23/mocks/ServiceUserInterface.go:86.2,86.60 1 0
projectBE23/mocks/ServiceUserInterface.go:86.60,88.3 1 0
projectBE23/mocks/ServiceUserInterface.go:88.8,90.3 1 0
projectBE23/mocks/ServiceUserInterface.go:92.2,92.59 1 0
projectBE23/mocks/ServiceUserInterface.go:92.59,94.3 1 0
projectBE23/mocks/ServiceUserInterface.go:94.8,96.3 1 0
projectBE23/mocks/ServiceUserInterface.go:98.2,98.19 1 0
projectBE23/mocks/ServiceUserInterface.go:102.67,105.19 2 0
projectBE23/mocks/ServiceUserInterface.go:105.19,106.55 1 0
projectBE23/mocks/ServiceUserInterface.go:109.2,110.51 2 0
projectBE23/mocks/ServiceUserInterface.go:110.51,112.3 1 0
projectBE23/mocks/ServiceUserInterface.go:112.8,114.3 1 0
projectBE23/mocks/ServiceUserInterface.go:116.2,116.11 1 0
projectBE23/mocks/ServiceUserInterface.go:120.86,123.19 2 0
projectBE23/mocks/ServiceUserInterface.go:123.19,124.59 1 0
projectBE23/mocks/ServiceUserInterface.go:127.2,129.63 3 0
projectBE23/mocks/ServiceUserInterface.go:129.63,131.3 1 0
projectBE23/mocks/ServiceUserInterface.go:132.2,132.54 1 0
projectBE23/mocks/ServiceUserInterface.go:132.54,134.3 1 0
projectBE23/mocks/ServiceUserInterface.go:134.8,136.3 1 0
projectBE23/mocks/ServiceUserInterface.go:138.2,138.55 1 0
projectBE23/mocks/ServiceUserInterface.go:138.55,140.3 1 0
projectBE23/mocks/ServiceUserInterface.go:140.8,142.3 1 0
projectBE23/mocks/ServiceUserInterface.go:144.2,144.15 1 0
projectBE23/mocks/ServiceUserInterface.go:148.87,151.19 2 0
projectBE23/mocks/ServiceUserInterface.go:151.19,152.55 1 0
projectBE23/mocks/ServiceUserInterface.go:155.2,156.61 2 0
projectBE23/mocks/ServiceUserInterface.go:156.61,158.3 1 0
projectBE23/mocks/ServiceUserInterface.go:158.8,160.3 1 0
projectBE23/mocks/ServiceUserInterface.go:162.2,162.11 1 0
projectBE23/mocks/ServiceUserInterface.go:170.26,174.19 3 0
projectBE23/mocks/ServiceUserInterface.go:174.19,174.49 1 0
projectBE23/mocks/ServiceUserInterface.go:176.2,176.13 1 0
